[2024-11-23T00:58:50.144+0000] {processor.py:161} INFO - Started process (PID=427) to work on /opt/airflow/dags/migrate_company_dag.py
[2024-11-23T00:58:50.145+0000] {processor.py:830} INFO - Processing file /opt/airflow/dags/migrate_company_dag.py for tasks to queue
[2024-11-23T00:58:50.145+0000] {logging_mixin.py:188} INFO - [2024-11-23T00:58:50.145+0000] {dagbag.py:540} INFO - Filling up the DagBag from /opt/airflow/dags/migrate_company_dag.py
[2024-11-23T00:58:50.278+0000] {processor.py:840} INFO - DAG(s) 'migrate_company_data' retrieved from /opt/airflow/dags/migrate_company_dag.py
[2024-11-23T00:58:50.313+0000] {logging_mixin.py:188} INFO - [2024-11-23T00:58:50.312+0000] {dag.py:3047} INFO - Sync 1 DAGs
[2024-11-23T00:58:50.328+0000] {logging_mixin.py:188} INFO - [2024-11-23T00:58:50.327+0000] {dag.py:3834} INFO - Setting next_dagrun for migrate_company_data to None, run_after=None
[2024-11-23T00:58:50.356+0000] {processor.py:183} INFO - Processing /opt/airflow/dags/migrate_company_dag.py took 0.216 seconds
[2024-11-23T02:26:11.232+0000] {processor.py:161} INFO - Started process (PID=438) to work on /opt/airflow/dags/migrate_company_dag.py
[2024-11-23T02:26:11.233+0000] {processor.py:830} INFO - Processing file /opt/airflow/dags/migrate_company_dag.py for tasks to queue
[2024-11-23T02:26:11.234+0000] {logging_mixin.py:188} INFO - [2024-11-23T02:26:11.234+0000] {dagbag.py:540} INFO - Filling up the DagBag from /opt/airflow/dags/migrate_company_dag.py
[2024-11-23T02:26:11.258+0000] {processor.py:840} INFO - DAG(s) 'migrate_company_data' retrieved from /opt/airflow/dags/migrate_company_dag.py
[2024-11-23T02:26:11.274+0000] {logging_mixin.py:188} INFO - [2024-11-23T02:26:11.274+0000] {dag.py:3047} INFO - Sync 1 DAGs
[2024-11-23T02:26:11.280+0000] {logging_mixin.py:188} INFO - [2024-11-23T02:26:11.280+0000] {dag.py:3834} INFO - Setting next_dagrun for migrate_company_data to None, run_after=None
[2024-11-23T02:26:11.290+0000] {processor.py:183} INFO - Processing /opt/airflow/dags/migrate_company_dag.py took 0.061 seconds
[2024-11-23T03:43:59.829+0000] {processor.py:161} INFO - Started process (PID=449) to work on /opt/airflow/dags/migrate_company_dag.py
[2024-11-23T03:43:59.829+0000] {processor.py:830} INFO - Processing file /opt/airflow/dags/migrate_company_dag.py for tasks to queue
[2024-11-23T03:43:59.830+0000] {logging_mixin.py:188} INFO - [2024-11-23T03:43:59.830+0000] {dagbag.py:540} INFO - Filling up the DagBag from /opt/airflow/dags/migrate_company_dag.py
[2024-11-23T03:43:59.854+0000] {processor.py:840} INFO - DAG(s) 'migrate_company_data' retrieved from /opt/airflow/dags/migrate_company_dag.py
[2024-11-23T03:43:59.876+0000] {logging_mixin.py:188} INFO - [2024-11-23T03:43:59.876+0000] {dag.py:3047} INFO - Sync 1 DAGs
[2024-11-23T03:43:59.888+0000] {logging_mixin.py:188} INFO - [2024-11-23T03:43:59.888+0000] {dag.py:3834} INFO - Setting next_dagrun for migrate_company_data to None, run_after=None
[2024-11-23T03:43:59.901+0000] {processor.py:183} INFO - Processing /opt/airflow/dags/migrate_company_dag.py took 0.076 seconds
[2024-11-23T04:32:41.937+0000] {processor.py:161} INFO - Started process (PID=460) to work on /opt/airflow/dags/migrate_company_dag.py
[2024-11-23T04:32:41.938+0000] {processor.py:830} INFO - Processing file /opt/airflow/dags/migrate_company_dag.py for tasks to queue
[2024-11-23T04:32:41.939+0000] {logging_mixin.py:188} INFO - [2024-11-23T04:32:41.939+0000] {dagbag.py:540} INFO - Filling up the DagBag from /opt/airflow/dags/migrate_company_dag.py
[2024-11-23T04:32:41.963+0000] {processor.py:840} INFO - DAG(s) 'migrate_company_data' retrieved from /opt/airflow/dags/migrate_company_dag.py
[2024-11-23T04:32:41.982+0000] {logging_mixin.py:188} INFO - [2024-11-23T04:32:41.982+0000] {dag.py:3047} INFO - Sync 1 DAGs
[2024-11-23T04:32:41.990+0000] {logging_mixin.py:188} INFO - [2024-11-23T04:32:41.990+0000] {dag.py:3834} INFO - Setting next_dagrun for migrate_company_data to None, run_after=None
[2024-11-23T04:32:42.001+0000] {processor.py:183} INFO - Processing /opt/airflow/dags/migrate_company_dag.py took 0.066 seconds
[2024-11-23T05:35:39.523+0000] {processor.py:161} INFO - Started process (PID=471) to work on /opt/airflow/dags/migrate_company_dag.py
[2024-11-23T05:35:39.524+0000] {processor.py:830} INFO - Processing file /opt/airflow/dags/migrate_company_dag.py for tasks to queue
[2024-11-23T05:35:39.525+0000] {logging_mixin.py:188} INFO - [2024-11-23T05:35:39.525+0000] {dagbag.py:540} INFO - Filling up the DagBag from /opt/airflow/dags/migrate_company_dag.py
[2024-11-23T05:35:39.549+0000] {processor.py:840} INFO - DAG(s) 'migrate_company_data' retrieved from /opt/airflow/dags/migrate_company_dag.py
[2024-11-23T05:35:39.571+0000] {logging_mixin.py:188} INFO - [2024-11-23T05:35:39.571+0000] {dag.py:3047} INFO - Sync 1 DAGs
[2024-11-23T05:35:39.582+0000] {logging_mixin.py:188} INFO - [2024-11-23T05:35:39.582+0000] {dag.py:3834} INFO - Setting next_dagrun for migrate_company_data to None, run_after=None
[2024-11-23T05:35:39.593+0000] {processor.py:183} INFO - Processing /opt/airflow/dags/migrate_company_dag.py took 0.075 seconds
[2024-11-23T06:47:06.916+0000] {processor.py:161} INFO - Started process (PID=484) to work on /opt/airflow/dags/migrate_company_dag.py
[2024-11-23T06:47:06.917+0000] {processor.py:830} INFO - Processing file /opt/airflow/dags/migrate_company_dag.py for tasks to queue
[2024-11-23T06:47:06.919+0000] {logging_mixin.py:188} INFO - [2024-11-23T06:47:06.918+0000] {dagbag.py:540} INFO - Filling up the DagBag from /opt/airflow/dags/migrate_company_dag.py
[2024-11-23T06:47:06.945+0000] {processor.py:840} INFO - DAG(s) 'migrate_company_data' retrieved from /opt/airflow/dags/migrate_company_dag.py
[2024-11-23T06:47:06.969+0000] {logging_mixin.py:188} INFO - [2024-11-23T06:47:06.969+0000] {dag.py:3047} INFO - Sync 1 DAGs
[2024-11-23T06:47:06.983+0000] {logging_mixin.py:188} INFO - [2024-11-23T06:47:06.982+0000] {dag.py:3834} INFO - Setting next_dagrun for migrate_company_data to None, run_after=None
[2024-11-23T06:47:06.997+0000] {processor.py:183} INFO - Processing /opt/airflow/dags/migrate_company_dag.py took 0.085 seconds
[2024-11-23T07:39:57.040+0000] {processor.py:161} INFO - Started process (PID=495) to work on /opt/airflow/dags/migrate_company_dag.py
[2024-11-23T07:39:57.041+0000] {processor.py:830} INFO - Processing file /opt/airflow/dags/migrate_company_dag.py for tasks to queue
[2024-11-23T07:39:57.042+0000] {logging_mixin.py:188} INFO - [2024-11-23T07:39:57.041+0000] {dagbag.py:540} INFO - Filling up the DagBag from /opt/airflow/dags/migrate_company_dag.py
[2024-11-23T07:39:57.058+0000] {processor.py:840} INFO - DAG(s) 'migrate_company_data' retrieved from /opt/airflow/dags/migrate_company_dag.py
[2024-11-23T07:39:57.071+0000] {logging_mixin.py:188} INFO - [2024-11-23T07:39:57.071+0000] {dag.py:3047} INFO - Sync 1 DAGs
[2024-11-23T07:39:57.076+0000] {logging_mixin.py:188} INFO - [2024-11-23T07:39:57.076+0000] {dag.py:3834} INFO - Setting next_dagrun for migrate_company_data to None, run_after=None
[2024-11-23T07:39:57.084+0000] {processor.py:183} INFO - Processing /opt/airflow/dags/migrate_company_dag.py took 0.047 seconds
[2024-11-23T08:39:17.463+0000] {processor.py:161} INFO - Started process (PID=506) to work on /opt/airflow/dags/migrate_company_dag.py
[2024-11-23T08:39:17.464+0000] {processor.py:830} INFO - Processing file /opt/airflow/dags/migrate_company_dag.py for tasks to queue
[2024-11-23T08:39:17.465+0000] {logging_mixin.py:188} INFO - [2024-11-23T08:39:17.464+0000] {dagbag.py:540} INFO - Filling up the DagBag from /opt/airflow/dags/migrate_company_dag.py
[2024-11-23T08:39:17.485+0000] {processor.py:840} INFO - DAG(s) 'migrate_company_data' retrieved from /opt/airflow/dags/migrate_company_dag.py
[2024-11-23T08:39:17.501+0000] {logging_mixin.py:188} INFO - [2024-11-23T08:39:17.501+0000] {dag.py:3047} INFO - Sync 1 DAGs
[2024-11-23T08:39:17.507+0000] {logging_mixin.py:188} INFO - [2024-11-23T08:39:17.507+0000] {dag.py:3834} INFO - Setting next_dagrun for migrate_company_data to None, run_after=None
[2024-11-23T08:39:17.516+0000] {processor.py:183} INFO - Processing /opt/airflow/dags/migrate_company_dag.py took 0.057 seconds
[2024-11-23T09:22:06.783+0000] {processor.py:161} INFO - Started process (PID=519) to work on /opt/airflow/dags/migrate_company_dag.py
[2024-11-23T09:22:06.784+0000] {processor.py:830} INFO - Processing file /opt/airflow/dags/migrate_company_dag.py for tasks to queue
[2024-11-23T09:22:06.785+0000] {logging_mixin.py:188} INFO - [2024-11-23T09:22:06.784+0000] {dagbag.py:540} INFO - Filling up the DagBag from /opt/airflow/dags/migrate_company_dag.py
[2024-11-23T09:22:06.808+0000] {processor.py:840} INFO - DAG(s) 'migrate_company_data' retrieved from /opt/airflow/dags/migrate_company_dag.py
[2024-11-23T09:22:06.825+0000] {logging_mixin.py:188} INFO - [2024-11-23T09:22:06.825+0000] {dag.py:3047} INFO - Sync 1 DAGs
[2024-11-23T09:22:06.832+0000] {logging_mixin.py:188} INFO - [2024-11-23T09:22:06.832+0000] {dag.py:3834} INFO - Setting next_dagrun for migrate_company_data to None, run_after=None
[2024-11-23T09:22:06.843+0000] {processor.py:183} INFO - Processing /opt/airflow/dags/migrate_company_dag.py took 0.064 seconds
[2024-11-23T10:27:45.464+0000] {processor.py:161} INFO - Started process (PID=530) to work on /opt/airflow/dags/migrate_company_dag.py
[2024-11-23T10:27:45.464+0000] {processor.py:830} INFO - Processing file /opt/airflow/dags/migrate_company_dag.py for tasks to queue
[2024-11-23T10:27:45.465+0000] {logging_mixin.py:188} INFO - [2024-11-23T10:27:45.465+0000] {dagbag.py:540} INFO - Filling up the DagBag from /opt/airflow/dags/migrate_company_dag.py
[2024-11-23T10:27:45.481+0000] {processor.py:840} INFO - DAG(s) 'migrate_company_data' retrieved from /opt/airflow/dags/migrate_company_dag.py
[2024-11-23T10:27:45.498+0000] {logging_mixin.py:188} INFO - [2024-11-23T10:27:45.498+0000] {dag.py:3047} INFO - Sync 1 DAGs
[2024-11-23T10:27:45.506+0000] {logging_mixin.py:188} INFO - [2024-11-23T10:27:45.506+0000] {dag.py:3834} INFO - Setting next_dagrun for migrate_company_data to None, run_after=None
[2024-11-23T10:27:45.515+0000] {processor.py:183} INFO - Processing /opt/airflow/dags/migrate_company_dag.py took 0.054 seconds
[2024-11-23T10:51:17.575+0000] {processor.py:161} INFO - Started process (PID=541) to work on /opt/airflow/dags/migrate_company_dag.py
[2024-11-23T10:51:17.576+0000] {processor.py:830} INFO - Processing file /opt/airflow/dags/migrate_company_dag.py for tasks to queue
[2024-11-23T10:51:17.577+0000] {logging_mixin.py:188} INFO - [2024-11-23T10:51:17.577+0000] {dagbag.py:540} INFO - Filling up the DagBag from /opt/airflow/dags/migrate_company_dag.py
[2024-11-23T10:51:17.610+0000] {processor.py:840} INFO - DAG(s) 'migrate_company_data' retrieved from /opt/airflow/dags/migrate_company_dag.py
[2024-11-23T10:51:17.634+0000] {logging_mixin.py:188} INFO - [2024-11-23T10:51:17.634+0000] {dag.py:3047} INFO - Sync 1 DAGs
[2024-11-23T10:51:17.644+0000] {logging_mixin.py:188} INFO - [2024-11-23T10:51:17.643+0000] {dag.py:3834} INFO - Setting next_dagrun for migrate_company_data to None, run_after=None
[2024-11-23T10:51:17.656+0000] {processor.py:183} INFO - Processing /opt/airflow/dags/migrate_company_dag.py took 0.085 seconds
[2024-11-23T12:07:57.571+0000] {processor.py:161} INFO - Started process (PID=552) to work on /opt/airflow/dags/migrate_company_dag.py
[2024-11-23T12:07:57.573+0000] {processor.py:830} INFO - Processing file /opt/airflow/dags/migrate_company_dag.py for tasks to queue
[2024-11-23T12:07:57.574+0000] {logging_mixin.py:188} INFO - [2024-11-23T12:07:57.574+0000] {dagbag.py:540} INFO - Filling up the DagBag from /opt/airflow/dags/migrate_company_dag.py
[2024-11-23T12:07:57.607+0000] {processor.py:840} INFO - DAG(s) 'migrate_company_data' retrieved from /opt/airflow/dags/migrate_company_dag.py
[2024-11-23T12:07:57.627+0000] {logging_mixin.py:188} INFO - [2024-11-23T12:07:57.627+0000] {dag.py:3047} INFO - Sync 1 DAGs
[2024-11-23T12:07:57.636+0000] {logging_mixin.py:188} INFO - [2024-11-23T12:07:57.635+0000] {dag.py:3834} INFO - Setting next_dagrun for migrate_company_data to None, run_after=None
[2024-11-23T12:07:57.646+0000] {processor.py:183} INFO - Processing /opt/airflow/dags/migrate_company_dag.py took 0.081 seconds
[2024-11-23T13:25:30.116+0000] {processor.py:161} INFO - Started process (PID=564) to work on /opt/airflow/dags/migrate_company_dag.py
[2024-11-23T13:25:30.117+0000] {processor.py:830} INFO - Processing file /opt/airflow/dags/migrate_company_dag.py for tasks to queue
[2024-11-23T13:25:30.118+0000] {logging_mixin.py:188} INFO - [2024-11-23T13:25:30.118+0000] {dagbag.py:540} INFO - Filling up the DagBag from /opt/airflow/dags/migrate_company_dag.py
[2024-11-23T13:25:30.142+0000] {processor.py:840} INFO - DAG(s) 'migrate_company_data' retrieved from /opt/airflow/dags/migrate_company_dag.py
[2024-11-23T13:25:30.161+0000] {logging_mixin.py:188} INFO - [2024-11-23T13:25:30.161+0000] {dag.py:3047} INFO - Sync 1 DAGs
[2024-11-23T13:25:30.167+0000] {logging_mixin.py:188} INFO - [2024-11-23T13:25:30.167+0000] {dag.py:3834} INFO - Setting next_dagrun for migrate_company_data to None, run_after=None
[2024-11-23T13:25:30.175+0000] {processor.py:183} INFO - Processing /opt/airflow/dags/migrate_company_dag.py took 0.064 seconds
[2024-11-23T14:46:28.238+0000] {processor.py:161} INFO - Started process (PID=576) to work on /opt/airflow/dags/migrate_company_dag.py
[2024-11-23T14:46:28.238+0000] {processor.py:830} INFO - Processing file /opt/airflow/dags/migrate_company_dag.py for tasks to queue
[2024-11-23T14:46:28.240+0000] {logging_mixin.py:188} INFO - [2024-11-23T14:46:28.239+0000] {dagbag.py:540} INFO - Filling up the DagBag from /opt/airflow/dags/migrate_company_dag.py
[2024-11-23T14:46:28.262+0000] {processor.py:840} INFO - DAG(s) 'migrate_company_data' retrieved from /opt/airflow/dags/migrate_company_dag.py
[2024-11-23T14:46:28.279+0000] {logging_mixin.py:188} INFO - [2024-11-23T14:46:28.279+0000] {dag.py:3047} INFO - Sync 1 DAGs
[2024-11-23T14:46:28.286+0000] {logging_mixin.py:188} INFO - [2024-11-23T14:46:28.286+0000] {dag.py:3834} INFO - Setting next_dagrun for migrate_company_data to None, run_after=None
[2024-11-23T14:46:28.295+0000] {processor.py:183} INFO - Processing /opt/airflow/dags/migrate_company_dag.py took 0.060 seconds
[2024-11-23T15:56:16.385+0000] {processor.py:161} INFO - Started process (PID=587) to work on /opt/airflow/dags/migrate_company_dag.py
[2024-11-23T15:56:16.386+0000] {processor.py:830} INFO - Processing file /opt/airflow/dags/migrate_company_dag.py for tasks to queue
[2024-11-23T15:56:16.386+0000] {logging_mixin.py:188} INFO - [2024-11-23T15:56:16.386+0000] {dagbag.py:540} INFO - Filling up the DagBag from /opt/airflow/dags/migrate_company_dag.py
[2024-11-23T15:56:16.400+0000] {processor.py:840} INFO - DAG(s) 'migrate_company_data' retrieved from /opt/airflow/dags/migrate_company_dag.py
[2024-11-23T15:56:16.414+0000] {logging_mixin.py:188} INFO - [2024-11-23T15:56:16.414+0000] {dag.py:3047} INFO - Sync 1 DAGs
[2024-11-23T15:56:16.421+0000] {logging_mixin.py:188} INFO - [2024-11-23T15:56:16.420+0000] {dag.py:3834} INFO - Setting next_dagrun for migrate_company_data to None, run_after=None
[2024-11-23T15:56:16.429+0000] {processor.py:183} INFO - Processing /opt/airflow/dags/migrate_company_dag.py took 0.046 seconds
[2024-11-23T17:14:54.552+0000] {processor.py:161} INFO - Started process (PID=598) to work on /opt/airflow/dags/migrate_company_dag.py
[2024-11-23T17:14:54.553+0000] {processor.py:830} INFO - Processing file /opt/airflow/dags/migrate_company_dag.py for tasks to queue
[2024-11-23T17:14:54.554+0000] {logging_mixin.py:188} INFO - [2024-11-23T17:14:54.554+0000] {dagbag.py:540} INFO - Filling up the DagBag from /opt/airflow/dags/migrate_company_dag.py
[2024-11-23T17:14:54.574+0000] {processor.py:840} INFO - DAG(s) 'migrate_company_data' retrieved from /opt/airflow/dags/migrate_company_dag.py
[2024-11-23T17:14:54.596+0000] {logging_mixin.py:188} INFO - [2024-11-23T17:14:54.596+0000] {dag.py:3047} INFO - Sync 1 DAGs
[2024-11-23T17:14:54.605+0000] {logging_mixin.py:188} INFO - [2024-11-23T17:14:54.605+0000] {dag.py:3834} INFO - Setting next_dagrun for migrate_company_data to None, run_after=None
[2024-11-23T17:14:54.615+0000] {processor.py:183} INFO - Processing /opt/airflow/dags/migrate_company_dag.py took 0.068 seconds
[2024-11-23T18:31:07.571+0000] {processor.py:161} INFO - Started process (PID=609) to work on /opt/airflow/dags/migrate_company_dag.py
[2024-11-23T18:31:07.573+0000] {processor.py:830} INFO - Processing file /opt/airflow/dags/migrate_company_dag.py for tasks to queue
[2024-11-23T18:31:07.574+0000] {logging_mixin.py:188} INFO - [2024-11-23T18:31:07.573+0000] {dagbag.py:540} INFO - Filling up the DagBag from /opt/airflow/dags/migrate_company_dag.py
[2024-11-23T18:31:07.603+0000] {processor.py:840} INFO - DAG(s) 'migrate_company_data' retrieved from /opt/airflow/dags/migrate_company_dag.py
[2024-11-23T18:31:07.629+0000] {logging_mixin.py:188} INFO - [2024-11-23T18:31:07.629+0000] {dag.py:3047} INFO - Sync 1 DAGs
[2024-11-23T18:31:07.640+0000] {logging_mixin.py:188} INFO - [2024-11-23T18:31:07.640+0000] {dag.py:3834} INFO - Setting next_dagrun for migrate_company_data to None, run_after=None
[2024-11-23T18:31:07.653+0000] {processor.py:183} INFO - Processing /opt/airflow/dags/migrate_company_dag.py took 0.086 seconds
[2024-11-23T19:35:01.741+0000] {processor.py:161} INFO - Started process (PID=622) to work on /opt/airflow/dags/migrate_company_dag.py
[2024-11-23T19:35:01.741+0000] {processor.py:830} INFO - Processing file /opt/airflow/dags/migrate_company_dag.py for tasks to queue
[2024-11-23T19:35:01.742+0000] {logging_mixin.py:188} INFO - [2024-11-23T19:35:01.741+0000] {dagbag.py:540} INFO - Filling up the DagBag from /opt/airflow/dags/migrate_company_dag.py
[2024-11-23T19:35:01.755+0000] {processor.py:840} INFO - DAG(s) 'migrate_company_data' retrieved from /opt/airflow/dags/migrate_company_dag.py
[2024-11-23T19:35:01.768+0000] {logging_mixin.py:188} INFO - [2024-11-23T19:35:01.768+0000] {dag.py:3047} INFO - Sync 1 DAGs
[2024-11-23T19:35:01.774+0000] {logging_mixin.py:188} INFO - [2024-11-23T19:35:01.774+0000] {dag.py:3834} INFO - Setting next_dagrun for migrate_company_data to None, run_after=None
[2024-11-23T19:35:01.782+0000] {processor.py:183} INFO - Processing /opt/airflow/dags/migrate_company_dag.py took 0.044 seconds
[2024-11-23T21:13:30.479+0000] {processor.py:161} INFO - Started process (PID=633) to work on /opt/airflow/dags/migrate_company_dag.py
[2024-11-23T21:13:30.479+0000] {processor.py:830} INFO - Processing file /opt/airflow/dags/migrate_company_dag.py for tasks to queue
[2024-11-23T21:13:30.480+0000] {logging_mixin.py:188} INFO - [2024-11-23T21:13:30.480+0000] {dagbag.py:540} INFO - Filling up the DagBag from /opt/airflow/dags/migrate_company_dag.py
[2024-11-23T21:13:30.501+0000] {processor.py:840} INFO - DAG(s) 'migrate_company_data' retrieved from /opt/airflow/dags/migrate_company_dag.py
[2024-11-23T21:13:30.520+0000] {logging_mixin.py:188} INFO - [2024-11-23T21:13:30.520+0000] {dag.py:3047} INFO - Sync 1 DAGs
[2024-11-23T21:13:30.527+0000] {logging_mixin.py:188} INFO - [2024-11-23T21:13:30.527+0000] {dag.py:3834} INFO - Setting next_dagrun for migrate_company_data to None, run_after=None
[2024-11-23T21:13:30.537+0000] {processor.py:183} INFO - Processing /opt/airflow/dags/migrate_company_dag.py took 0.061 seconds
[2024-11-23T21:24:07.521+0000] {processor.py:161} INFO - Started process (PID=644) to work on /opt/airflow/dags/migrate_company_dag.py
[2024-11-23T21:24:07.523+0000] {processor.py:830} INFO - Processing file /opt/airflow/dags/migrate_company_dag.py for tasks to queue
[2024-11-23T21:24:07.524+0000] {logging_mixin.py:188} INFO - [2024-11-23T21:24:07.523+0000] {dagbag.py:540} INFO - Filling up the DagBag from /opt/airflow/dags/migrate_company_dag.py
[2024-11-23T21:24:07.555+0000] {processor.py:840} INFO - DAG(s) 'migrate_company_data' retrieved from /opt/airflow/dags/migrate_company_dag.py
[2024-11-23T21:24:07.584+0000] {logging_mixin.py:188} INFO - [2024-11-23T21:24:07.584+0000] {dag.py:3047} INFO - Sync 1 DAGs
[2024-11-23T21:24:07.599+0000] {logging_mixin.py:188} INFO - [2024-11-23T21:24:07.599+0000] {dag.py:3834} INFO - Setting next_dagrun for migrate_company_data to None, run_after=None
[2024-11-23T21:24:07.614+0000] {processor.py:183} INFO - Processing /opt/airflow/dags/migrate_company_dag.py took 0.097 seconds
[2024-11-23T21:36:58.912+0000] {processor.py:161} INFO - Started process (PID=655) to work on /opt/airflow/dags/migrate_company_dag.py
[2024-11-23T21:36:58.912+0000] {processor.py:830} INFO - Processing file /opt/airflow/dags/migrate_company_dag.py for tasks to queue
[2024-11-23T21:36:58.913+0000] {logging_mixin.py:188} INFO - [2024-11-23T21:36:58.913+0000] {dagbag.py:540} INFO - Filling up the DagBag from /opt/airflow/dags/migrate_company_dag.py
[2024-11-23T21:36:58.928+0000] {processor.py:840} INFO - DAG(s) 'migrate_company_data' retrieved from /opt/airflow/dags/migrate_company_dag.py
[2024-11-23T21:36:58.944+0000] {logging_mixin.py:188} INFO - [2024-11-23T21:36:58.944+0000] {dag.py:3047} INFO - Sync 1 DAGs
[2024-11-23T21:36:58.950+0000] {logging_mixin.py:188} INFO - [2024-11-23T21:36:58.950+0000] {dag.py:3834} INFO - Setting next_dagrun for migrate_company_data to None, run_after=None
[2024-11-23T21:36:58.958+0000] {processor.py:183} INFO - Processing /opt/airflow/dags/migrate_company_dag.py took 0.048 seconds
[2024-11-23T22:51:07.064+0000] {processor.py:161} INFO - Started process (PID=668) to work on /opt/airflow/dags/migrate_company_dag.py
[2024-11-23T22:51:07.065+0000] {processor.py:830} INFO - Processing file /opt/airflow/dags/migrate_company_dag.py for tasks to queue
[2024-11-23T22:51:07.066+0000] {logging_mixin.py:188} INFO - [2024-11-23T22:51:07.066+0000] {dagbag.py:540} INFO - Filling up the DagBag from /opt/airflow/dags/migrate_company_dag.py
[2024-11-23T22:51:07.088+0000] {processor.py:840} INFO - DAG(s) 'migrate_company_data' retrieved from /opt/airflow/dags/migrate_company_dag.py
[2024-11-23T22:51:07.108+0000] {logging_mixin.py:188} INFO - [2024-11-23T22:51:07.107+0000] {dag.py:3047} INFO - Sync 1 DAGs
[2024-11-23T22:51:07.115+0000] {logging_mixin.py:188} INFO - [2024-11-23T22:51:07.115+0000] {dag.py:3834} INFO - Setting next_dagrun for migrate_company_data to None, run_after=None
[2024-11-23T22:51:07.125+0000] {processor.py:183} INFO - Processing /opt/airflow/dags/migrate_company_dag.py took 0.065 seconds
[2024-11-23T23:55:05.521+0000] {processor.py:161} INFO - Started process (PID=679) to work on /opt/airflow/dags/migrate_company_dag.py
[2024-11-23T23:55:05.522+0000] {processor.py:830} INFO - Processing file /opt/airflow/dags/migrate_company_dag.py for tasks to queue
[2024-11-23T23:55:05.523+0000] {logging_mixin.py:188} INFO - [2024-11-23T23:55:05.522+0000] {dagbag.py:540} INFO - Filling up the DagBag from /opt/airflow/dags/migrate_company_dag.py
[2024-11-23T23:55:05.539+0000] {processor.py:840} INFO - DAG(s) 'migrate_company_data' retrieved from /opt/airflow/dags/migrate_company_dag.py
[2024-11-23T23:55:05.551+0000] {logging_mixin.py:188} INFO - [2024-11-23T23:55:05.550+0000] {dag.py:3047} INFO - Sync 1 DAGs
[2024-11-23T23:55:05.556+0000] {logging_mixin.py:188} INFO - [2024-11-23T23:55:05.556+0000] {dag.py:3834} INFO - Setting next_dagrun for migrate_company_data to None, run_after=None
[2024-11-23T23:55:05.563+0000] {processor.py:183} INFO - Processing /opt/airflow/dags/migrate_company_dag.py took 0.043 seconds
