[2024-11-24T01:08:51.910+0000] {processor.py:161} INFO - Started process (PID=690) to work on /opt/airflow/dags/migrate_company_dag.py
[2024-11-24T01:08:51.913+0000] {processor.py:830} INFO - Processing file /opt/airflow/dags/migrate_company_dag.py for tasks to queue
[2024-11-24T01:08:51.914+0000] {logging_mixin.py:188} INFO - [2024-11-24T01:08:51.913+0000] {dagbag.py:540} INFO - Filling up the DagBag from /opt/airflow/dags/migrate_company_dag.py
[2024-11-24T01:08:51.935+0000] {processor.py:840} INFO - DAG(s) 'migrate_company_data' retrieved from /opt/airflow/dags/migrate_company_dag.py
[2024-11-24T01:08:51.953+0000] {logging_mixin.py:188} INFO - [2024-11-24T01:08:51.952+0000] {dag.py:3047} INFO - Sync 1 DAGs
[2024-11-24T01:08:51.961+0000] {logging_mixin.py:188} INFO - [2024-11-24T01:08:51.961+0000] {dag.py:3834} INFO - Setting next_dagrun for migrate_company_data to None, run_after=None
[2024-11-24T01:08:51.972+0000] {processor.py:183} INFO - Processing /opt/airflow/dags/migrate_company_dag.py took 0.069 seconds
[2024-11-24T02:28:22.159+0000] {processor.py:161} INFO - Started process (PID=701) to work on /opt/airflow/dags/migrate_company_dag.py
[2024-11-24T02:28:22.161+0000] {processor.py:830} INFO - Processing file /opt/airflow/dags/migrate_company_dag.py for tasks to queue
[2024-11-24T02:28:22.163+0000] {logging_mixin.py:188} INFO - [2024-11-24T02:28:22.162+0000] {dagbag.py:540} INFO - Filling up the DagBag from /opt/airflow/dags/migrate_company_dag.py
[2024-11-24T02:28:22.349+0000] {processor.py:840} INFO - DAG(s) 'migrate_company_data' retrieved from /opt/airflow/dags/migrate_company_dag.py
[2024-11-24T02:28:22.390+0000] {logging_mixin.py:188} INFO - [2024-11-24T02:28:22.390+0000] {dag.py:3047} INFO - Sync 1 DAGs
[2024-11-24T02:28:22.408+0000] {logging_mixin.py:188} INFO - [2024-11-24T02:28:22.407+0000] {dag.py:3834} INFO - Setting next_dagrun for migrate_company_data to None, run_after=None
[2024-11-24T02:28:22.425+0000] {processor.py:183} INFO - Processing /opt/airflow/dags/migrate_company_dag.py took 0.269 seconds
[2024-11-24T03:38:31.166+0000] {processor.py:161} INFO - Started process (PID=714) to work on /opt/airflow/dags/migrate_company_dag.py
[2024-11-24T03:38:31.167+0000] {processor.py:830} INFO - Processing file /opt/airflow/dags/migrate_company_dag.py for tasks to queue
[2024-11-24T03:38:31.167+0000] {logging_mixin.py:188} INFO - [2024-11-24T03:38:31.167+0000] {dagbag.py:540} INFO - Filling up the DagBag from /opt/airflow/dags/migrate_company_dag.py
[2024-11-24T03:38:31.182+0000] {processor.py:840} INFO - DAG(s) 'migrate_company_data' retrieved from /opt/airflow/dags/migrate_company_dag.py
[2024-11-24T03:38:31.197+0000] {logging_mixin.py:188} INFO - [2024-11-24T03:38:31.197+0000] {dag.py:3047} INFO - Sync 1 DAGs
[2024-11-24T03:38:31.203+0000] {logging_mixin.py:188} INFO - [2024-11-24T03:38:31.203+0000] {dag.py:3834} INFO - Setting next_dagrun for migrate_company_data to None, run_after=None
[2024-11-24T03:38:31.213+0000] {processor.py:183} INFO - Processing /opt/airflow/dags/migrate_company_dag.py took 0.049 seconds
[2024-11-24T04:56:16.290+0000] {processor.py:161} INFO - Started process (PID=725) to work on /opt/airflow/dags/migrate_company_dag.py
[2024-11-24T04:56:16.291+0000] {processor.py:830} INFO - Processing file /opt/airflow/dags/migrate_company_dag.py for tasks to queue
[2024-11-24T04:56:16.292+0000] {logging_mixin.py:188} INFO - [2024-11-24T04:56:16.292+0000] {dagbag.py:540} INFO - Filling up the DagBag from /opt/airflow/dags/migrate_company_dag.py
[2024-11-24T04:56:16.313+0000] {processor.py:840} INFO - DAG(s) 'migrate_company_data' retrieved from /opt/airflow/dags/migrate_company_dag.py
[2024-11-24T04:56:16.331+0000] {logging_mixin.py:188} INFO - [2024-11-24T04:56:16.331+0000] {dag.py:3047} INFO - Sync 1 DAGs
[2024-11-24T04:56:16.338+0000] {logging_mixin.py:188} INFO - [2024-11-24T04:56:16.338+0000] {dag.py:3834} INFO - Setting next_dagrun for migrate_company_data to None, run_after=None
[2024-11-24T04:56:16.348+0000] {processor.py:183} INFO - Processing /opt/airflow/dags/migrate_company_dag.py took 0.064 seconds
[2024-11-24T05:57:22.333+0000] {processor.py:161} INFO - Started process (PID=736) to work on /opt/airflow/dags/migrate_company_dag.py
[2024-11-24T05:57:22.334+0000] {processor.py:830} INFO - Processing file /opt/airflow/dags/migrate_company_dag.py for tasks to queue
[2024-11-24T05:57:22.334+0000] {logging_mixin.py:188} INFO - [2024-11-24T05:57:22.334+0000] {dagbag.py:540} INFO - Filling up the DagBag from /opt/airflow/dags/migrate_company_dag.py
[2024-11-24T05:57:22.354+0000] {processor.py:840} INFO - DAG(s) 'migrate_company_data' retrieved from /opt/airflow/dags/migrate_company_dag.py
[2024-11-24T05:57:22.374+0000] {logging_mixin.py:188} INFO - [2024-11-24T05:57:22.373+0000] {dag.py:3047} INFO - Sync 1 DAGs
[2024-11-24T05:57:22.383+0000] {logging_mixin.py:188} INFO - [2024-11-24T05:57:22.383+0000] {dag.py:3834} INFO - Setting next_dagrun for migrate_company_data to None, run_after=None
[2024-11-24T05:57:22.392+0000] {processor.py:183} INFO - Processing /opt/airflow/dags/migrate_company_dag.py took 0.062 seconds
[2024-11-24T07:15:55.371+0000] {processor.py:161} INFO - Started process (PID=747) to work on /opt/airflow/dags/migrate_company_dag.py
[2024-11-24T07:15:55.372+0000] {processor.py:830} INFO - Processing file /opt/airflow/dags/migrate_company_dag.py for tasks to queue
[2024-11-24T07:15:55.373+0000] {logging_mixin.py:188} INFO - [2024-11-24T07:15:55.373+0000] {dagbag.py:540} INFO - Filling up the DagBag from /opt/airflow/dags/migrate_company_dag.py
[2024-11-24T07:15:55.397+0000] {processor.py:840} INFO - DAG(s) 'migrate_company_data' retrieved from /opt/airflow/dags/migrate_company_dag.py
[2024-11-24T07:15:55.557+0000] {logging_mixin.py:188} INFO - [2024-11-24T07:15:55.557+0000] {dag.py:3047} INFO - Sync 1 DAGs
[2024-11-24T07:15:55.571+0000] {logging_mixin.py:188} INFO - [2024-11-24T07:15:55.571+0000] {dag.py:3834} INFO - Setting next_dagrun for migrate_company_data to None, run_after=None
[2024-11-24T07:15:55.591+0000] {processor.py:183} INFO - Processing /opt/airflow/dags/migrate_company_dag.py took 0.224 seconds
[2024-11-24T08:49:21.535+0000] {processor.py:161} INFO - Started process (PID=758) to work on /opt/airflow/dags/migrate_company_dag.py
[2024-11-24T08:49:21.536+0000] {processor.py:830} INFO - Processing file /opt/airflow/dags/migrate_company_dag.py for tasks to queue
[2024-11-24T08:49:21.537+0000] {logging_mixin.py:188} INFO - [2024-11-24T08:49:21.537+0000] {dagbag.py:540} INFO - Filling up the DagBag from /opt/airflow/dags/migrate_company_dag.py
[2024-11-24T08:49:21.559+0000] {processor.py:840} INFO - DAG(s) 'migrate_company_data' retrieved from /opt/airflow/dags/migrate_company_dag.py
[2024-11-24T08:49:21.573+0000] {logging_mixin.py:188} INFO - [2024-11-24T08:49:21.573+0000] {dag.py:3047} INFO - Sync 1 DAGs
[2024-11-24T08:49:21.579+0000] {logging_mixin.py:188} INFO - [2024-11-24T08:49:21.579+0000] {dag.py:3834} INFO - Setting next_dagrun for migrate_company_data to None, run_after=None
[2024-11-24T08:49:21.586+0000] {processor.py:183} INFO - Processing /opt/airflow/dags/migrate_company_dag.py took 0.054 seconds
[2024-11-24T09:32:03.268+0000] {processor.py:161} INFO - Started process (PID=771) to work on /opt/airflow/dags/migrate_company_dag.py
[2024-11-24T09:32:03.269+0000] {processor.py:830} INFO - Processing file /opt/airflow/dags/migrate_company_dag.py for tasks to queue
[2024-11-24T09:32:03.271+0000] {logging_mixin.py:188} INFO - [2024-11-24T09:32:03.270+0000] {dagbag.py:540} INFO - Filling up the DagBag from /opt/airflow/dags/migrate_company_dag.py
[2024-11-24T09:32:03.317+0000] {processor.py:840} INFO - DAG(s) 'migrate_company_data' retrieved from /opt/airflow/dags/migrate_company_dag.py
[2024-11-24T09:32:03.342+0000] {logging_mixin.py:188} INFO - [2024-11-24T09:32:03.341+0000] {dag.py:3047} INFO - Sync 1 DAGs
[2024-11-24T09:32:03.356+0000] {logging_mixin.py:188} INFO - [2024-11-24T09:32:03.356+0000] {dag.py:3834} INFO - Setting next_dagrun for migrate_company_data to None, run_after=None
[2024-11-24T09:32:03.369+0000] {processor.py:183} INFO - Processing /opt/airflow/dags/migrate_company_dag.py took 0.106 seconds
[2024-11-24T09:32:33.770+0000] {processor.py:161} INFO - Started process (PID=782) to work on /opt/airflow/dags/migrate_company_dag.py
[2024-11-24T09:32:33.773+0000] {processor.py:830} INFO - Processing file /opt/airflow/dags/migrate_company_dag.py for tasks to queue
[2024-11-24T09:32:33.775+0000] {logging_mixin.py:188} INFO - [2024-11-24T09:32:33.774+0000] {dagbag.py:540} INFO - Filling up the DagBag from /opt/airflow/dags/migrate_company_dag.py
[2024-11-24T09:32:33.811+0000] {processor.py:840} INFO - DAG(s) 'migrate_company_data' retrieved from /opt/airflow/dags/migrate_company_dag.py
[2024-11-24T09:32:33.833+0000] {logging_mixin.py:188} INFO - [2024-11-24T09:32:33.833+0000] {dag.py:3047} INFO - Sync 1 DAGs
[2024-11-24T09:32:33.842+0000] {logging_mixin.py:188} INFO - [2024-11-24T09:32:33.842+0000] {dag.py:3834} INFO - Setting next_dagrun for migrate_company_data to None, run_after=None
[2024-11-24T09:32:33.852+0000] {processor.py:183} INFO - Processing /opt/airflow/dags/migrate_company_dag.py took 0.088 seconds
[2024-11-24T09:33:04.015+0000] {processor.py:161} INFO - Started process (PID=793) to work on /opt/airflow/dags/migrate_company_dag.py
[2024-11-24T09:33:04.017+0000] {processor.py:830} INFO - Processing file /opt/airflow/dags/migrate_company_dag.py for tasks to queue
[2024-11-24T09:33:04.018+0000] {logging_mixin.py:188} INFO - [2024-11-24T09:33:04.018+0000] {dagbag.py:540} INFO - Filling up the DagBag from /opt/airflow/dags/migrate_company_dag.py
[2024-11-24T09:33:04.040+0000] {processor.py:840} INFO - DAG(s) 'migrate_company_data' retrieved from /opt/airflow/dags/migrate_company_dag.py
[2024-11-24T09:33:04.054+0000] {logging_mixin.py:188} INFO - [2024-11-24T09:33:04.054+0000] {dag.py:3047} INFO - Sync 1 DAGs
[2024-11-24T09:33:04.060+0000] {logging_mixin.py:188} INFO - [2024-11-24T09:33:04.060+0000] {dag.py:3834} INFO - Setting next_dagrun for migrate_company_data to None, run_after=None
[2024-11-24T09:33:04.068+0000] {processor.py:183} INFO - Processing /opt/airflow/dags/migrate_company_dag.py took 0.059 seconds
[2024-11-24T09:33:34.251+0000] {processor.py:161} INFO - Started process (PID=804) to work on /opt/airflow/dags/migrate_company_dag.py
[2024-11-24T09:33:34.253+0000] {processor.py:830} INFO - Processing file /opt/airflow/dags/migrate_company_dag.py for tasks to queue
[2024-11-24T09:33:34.255+0000] {logging_mixin.py:188} INFO - [2024-11-24T09:33:34.254+0000] {dagbag.py:540} INFO - Filling up the DagBag from /opt/airflow/dags/migrate_company_dag.py
[2024-11-24T09:33:34.279+0000] {processor.py:840} INFO - DAG(s) 'migrate_company_data' retrieved from /opt/airflow/dags/migrate_company_dag.py
[2024-11-24T09:33:34.297+0000] {logging_mixin.py:188} INFO - [2024-11-24T09:33:34.297+0000] {dag.py:3047} INFO - Sync 1 DAGs
[2024-11-24T09:33:34.304+0000] {logging_mixin.py:188} INFO - [2024-11-24T09:33:34.304+0000] {dag.py:3834} INFO - Setting next_dagrun for migrate_company_data to None, run_after=None
[2024-11-24T09:33:34.312+0000] {processor.py:183} INFO - Processing /opt/airflow/dags/migrate_company_dag.py took 0.066 seconds
[2024-11-24T09:34:04.504+0000] {processor.py:161} INFO - Started process (PID=815) to work on /opt/airflow/dags/migrate_company_dag.py
[2024-11-24T09:34:04.505+0000] {processor.py:830} INFO - Processing file /opt/airflow/dags/migrate_company_dag.py for tasks to queue
[2024-11-24T09:34:04.507+0000] {logging_mixin.py:188} INFO - [2024-11-24T09:34:04.506+0000] {dagbag.py:540} INFO - Filling up the DagBag from /opt/airflow/dags/migrate_company_dag.py
[2024-11-24T09:34:04.550+0000] {processor.py:840} INFO - DAG(s) 'migrate_company_data' retrieved from /opt/airflow/dags/migrate_company_dag.py
[2024-11-24T09:34:04.573+0000] {logging_mixin.py:188} INFO - [2024-11-24T09:34:04.572+0000] {dag.py:3047} INFO - Sync 1 DAGs
[2024-11-24T09:34:04.581+0000] {logging_mixin.py:188} INFO - [2024-11-24T09:34:04.581+0000] {dag.py:3834} INFO - Setting next_dagrun for migrate_company_data to None, run_after=None
[2024-11-24T09:34:04.591+0000] {processor.py:183} INFO - Processing /opt/airflow/dags/migrate_company_dag.py took 0.094 seconds
[2024-11-24T09:34:34.731+0000] {processor.py:161} INFO - Started process (PID=826) to work on /opt/airflow/dags/migrate_company_dag.py
[2024-11-24T09:34:34.733+0000] {processor.py:830} INFO - Processing file /opt/airflow/dags/migrate_company_dag.py for tasks to queue
[2024-11-24T09:34:34.734+0000] {logging_mixin.py:188} INFO - [2024-11-24T09:34:34.734+0000] {dagbag.py:540} INFO - Filling up the DagBag from /opt/airflow/dags/migrate_company_dag.py
[2024-11-24T09:34:34.757+0000] {processor.py:840} INFO - DAG(s) 'migrate_company_data' retrieved from /opt/airflow/dags/migrate_company_dag.py
[2024-11-24T09:34:34.776+0000] {logging_mixin.py:188} INFO - [2024-11-24T09:34:34.776+0000] {dag.py:3047} INFO - Sync 1 DAGs
[2024-11-24T09:34:34.783+0000] {logging_mixin.py:188} INFO - [2024-11-24T09:34:34.783+0000] {dag.py:3834} INFO - Setting next_dagrun for migrate_company_data to None, run_after=None
[2024-11-24T09:34:34.791+0000] {processor.py:183} INFO - Processing /opt/airflow/dags/migrate_company_dag.py took 0.065 seconds
[2024-11-24T09:35:05.025+0000] {processor.py:161} INFO - Started process (PID=837) to work on /opt/airflow/dags/migrate_company_dag.py
[2024-11-24T09:35:05.027+0000] {processor.py:830} INFO - Processing file /opt/airflow/dags/migrate_company_dag.py for tasks to queue
[2024-11-24T09:35:05.028+0000] {logging_mixin.py:188} INFO - [2024-11-24T09:35:05.027+0000] {dagbag.py:540} INFO - Filling up the DagBag from /opt/airflow/dags/migrate_company_dag.py
[2024-11-24T09:35:05.051+0000] {processor.py:840} INFO - DAG(s) 'migrate_company_data' retrieved from /opt/airflow/dags/migrate_company_dag.py
[2024-11-24T09:35:05.070+0000] {logging_mixin.py:188} INFO - [2024-11-24T09:35:05.070+0000] {dag.py:3047} INFO - Sync 1 DAGs
[2024-11-24T09:35:05.078+0000] {logging_mixin.py:188} INFO - [2024-11-24T09:35:05.078+0000] {dag.py:3834} INFO - Setting next_dagrun for migrate_company_data to None, run_after=None
[2024-11-24T09:35:05.089+0000] {processor.py:183} INFO - Processing /opt/airflow/dags/migrate_company_dag.py took 0.067 seconds
[2024-11-24T09:36:06.098+0000] {processor.py:161} INFO - Started process (PID=850) to work on /opt/airflow/dags/migrate_company_dag.py
[2024-11-24T09:36:06.101+0000] {processor.py:830} INFO - Processing file /opt/airflow/dags/migrate_company_dag.py for tasks to queue
[2024-11-24T09:36:06.103+0000] {logging_mixin.py:188} INFO - [2024-11-24T09:36:06.102+0000] {dagbag.py:540} INFO - Filling up the DagBag from /opt/airflow/dags/migrate_company_dag.py
[2024-11-24T09:36:06.142+0000] {processor.py:840} INFO - DAG(s) 'migrate_company_data' retrieved from /opt/airflow/dags/migrate_company_dag.py
[2024-11-24T09:36:06.164+0000] {logging_mixin.py:188} INFO - [2024-11-24T09:36:06.164+0000] {dag.py:3047} INFO - Sync 1 DAGs
[2024-11-24T09:36:06.173+0000] {logging_mixin.py:188} INFO - [2024-11-24T09:36:06.172+0000] {dag.py:3834} INFO - Setting next_dagrun for migrate_company_data to None, run_after=None
[2024-11-24T09:36:06.182+0000] {processor.py:183} INFO - Processing /opt/airflow/dags/migrate_company_dag.py took 0.091 seconds
[2024-11-24T10:58:21.743+0000] {processor.py:161} INFO - Started process (PID=861) to work on /opt/airflow/dags/migrate_company_dag.py
[2024-11-24T10:58:21.744+0000] {processor.py:830} INFO - Processing file /opt/airflow/dags/migrate_company_dag.py for tasks to queue
[2024-11-24T10:58:21.745+0000] {logging_mixin.py:188} INFO - [2024-11-24T10:58:21.745+0000] {dagbag.py:540} INFO - Filling up the DagBag from /opt/airflow/dags/migrate_company_dag.py
[2024-11-24T10:58:21.767+0000] {processor.py:840} INFO - DAG(s) 'migrate_company_data' retrieved from /opt/airflow/dags/migrate_company_dag.py
[2024-11-24T10:58:21.787+0000] {logging_mixin.py:188} INFO - [2024-11-24T10:58:21.787+0000] {dag.py:3047} INFO - Sync 1 DAGs
[2024-11-24T10:58:21.795+0000] {logging_mixin.py:188} INFO - [2024-11-24T10:58:21.795+0000] {dag.py:3834} INFO - Setting next_dagrun for migrate_company_data to None, run_after=None
[2024-11-24T10:58:21.807+0000] {processor.py:183} INFO - Processing /opt/airflow/dags/migrate_company_dag.py took 0.066 seconds
[2024-11-24T12:10:39.356+0000] {processor.py:161} INFO - Started process (PID=872) to work on /opt/airflow/dags/migrate_company_dag.py
[2024-11-24T12:10:39.358+0000] {processor.py:830} INFO - Processing file /opt/airflow/dags/migrate_company_dag.py for tasks to queue
[2024-11-24T12:10:39.360+0000] {logging_mixin.py:188} INFO - [2024-11-24T12:10:39.358+0000] {dagbag.py:540} INFO - Filling up the DagBag from /opt/airflow/dags/migrate_company_dag.py
[2024-11-24T12:10:39.377+0000] {processor.py:840} INFO - DAG(s) 'migrate_company_data' retrieved from /opt/airflow/dags/migrate_company_dag.py
[2024-11-24T12:10:39.394+0000] {logging_mixin.py:188} INFO - [2024-11-24T12:10:39.394+0000] {dag.py:3047} INFO - Sync 1 DAGs
[2024-11-24T12:10:39.401+0000] {logging_mixin.py:188} INFO - [2024-11-24T12:10:39.401+0000] {dag.py:3834} INFO - Setting next_dagrun for migrate_company_data to None, run_after=None
[2024-11-24T12:10:39.412+0000] {processor.py:183} INFO - Processing /opt/airflow/dags/migrate_company_dag.py took 0.061 seconds
[2024-11-24T13:28:24.510+0000] {processor.py:161} INFO - Started process (PID=883) to work on /opt/airflow/dags/migrate_company_dag.py
[2024-11-24T13:28:24.511+0000] {processor.py:830} INFO - Processing file /opt/airflow/dags/migrate_company_dag.py for tasks to queue
[2024-11-24T13:28:24.511+0000] {logging_mixin.py:188} INFO - [2024-11-24T13:28:24.511+0000] {dagbag.py:540} INFO - Filling up the DagBag from /opt/airflow/dags/migrate_company_dag.py
[2024-11-24T13:28:24.527+0000] {processor.py:840} INFO - DAG(s) 'migrate_company_data' retrieved from /opt/airflow/dags/migrate_company_dag.py
[2024-11-24T13:28:24.542+0000] {logging_mixin.py:188} INFO - [2024-11-24T13:28:24.542+0000] {dag.py:3047} INFO - Sync 1 DAGs
[2024-11-24T13:28:24.550+0000] {logging_mixin.py:188} INFO - [2024-11-24T13:28:24.550+0000] {dag.py:3834} INFO - Setting next_dagrun for migrate_company_data to None, run_after=None
[2024-11-24T13:28:24.559+0000] {processor.py:183} INFO - Processing /opt/airflow/dags/migrate_company_dag.py took 0.051 seconds
[2024-11-24T14:39:02.351+0000] {processor.py:161} INFO - Started process (PID=896) to work on /opt/airflow/dags/migrate_company_dag.py
[2024-11-24T14:39:02.352+0000] {processor.py:830} INFO - Processing file /opt/airflow/dags/migrate_company_dag.py for tasks to queue
[2024-11-24T14:39:02.352+0000] {logging_mixin.py:188} INFO - [2024-11-24T14:39:02.352+0000] {dagbag.py:540} INFO - Filling up the DagBag from /opt/airflow/dags/migrate_company_dag.py
[2024-11-24T14:39:02.371+0000] {processor.py:840} INFO - DAG(s) 'migrate_company_data' retrieved from /opt/airflow/dags/migrate_company_dag.py
[2024-11-24T14:39:02.387+0000] {logging_mixin.py:188} INFO - [2024-11-24T14:39:02.387+0000] {dag.py:3047} INFO - Sync 1 DAGs
[2024-11-24T14:39:02.394+0000] {logging_mixin.py:188} INFO - [2024-11-24T14:39:02.394+0000] {dag.py:3834} INFO - Setting next_dagrun for migrate_company_data to None, run_after=None
[2024-11-24T14:39:02.402+0000] {processor.py:183} INFO - Processing /opt/airflow/dags/migrate_company_dag.py took 0.053 seconds
[2024-11-24T15:56:50.463+0000] {processor.py:161} INFO - Started process (PID=907) to work on /opt/airflow/dags/migrate_company_dag.py
[2024-11-24T15:56:50.464+0000] {processor.py:830} INFO - Processing file /opt/airflow/dags/migrate_company_dag.py for tasks to queue
[2024-11-24T15:56:50.465+0000] {logging_mixin.py:188} INFO - [2024-11-24T15:56:50.465+0000] {dagbag.py:540} INFO - Filling up the DagBag from /opt/airflow/dags/migrate_company_dag.py
[2024-11-24T15:56:50.483+0000] {processor.py:840} INFO - DAG(s) 'migrate_company_data' retrieved from /opt/airflow/dags/migrate_company_dag.py
[2024-11-24T15:56:50.498+0000] {logging_mixin.py:188} INFO - [2024-11-24T15:56:50.498+0000] {dag.py:3047} INFO - Sync 1 DAGs
[2024-11-24T15:56:50.505+0000] {logging_mixin.py:188} INFO - [2024-11-24T15:56:50.504+0000] {dag.py:3834} INFO - Setting next_dagrun for migrate_company_data to None, run_after=None
[2024-11-24T15:56:50.513+0000] {processor.py:183} INFO - Processing /opt/airflow/dags/migrate_company_dag.py took 0.053 seconds
[2024-11-24T17:33:26.404+0000] {processor.py:161} INFO - Started process (PID=918) to work on /opt/airflow/dags/migrate_company_dag.py
[2024-11-24T17:33:26.405+0000] {processor.py:830} INFO - Processing file /opt/airflow/dags/migrate_company_dag.py for tasks to queue
[2024-11-24T17:33:26.406+0000] {logging_mixin.py:188} INFO - [2024-11-24T17:33:26.405+0000] {dagbag.py:540} INFO - Filling up the DagBag from /opt/airflow/dags/migrate_company_dag.py
[2024-11-24T17:33:26.423+0000] {processor.py:840} INFO - DAG(s) 'migrate_company_data' retrieved from /opt/airflow/dags/migrate_company_dag.py
[2024-11-24T17:33:26.437+0000] {logging_mixin.py:188} INFO - [2024-11-24T17:33:26.437+0000] {dag.py:3047} INFO - Sync 1 DAGs
[2024-11-24T17:33:26.444+0000] {logging_mixin.py:188} INFO - [2024-11-24T17:33:26.444+0000] {dag.py:3834} INFO - Setting next_dagrun for migrate_company_data to None, run_after=None
[2024-11-24T17:33:26.453+0000] {processor.py:183} INFO - Processing /opt/airflow/dags/migrate_company_dag.py took 0.050 seconds
[2024-11-24T18:49:57.436+0000] {processor.py:161} INFO - Started process (PID=929) to work on /opt/airflow/dags/migrate_company_dag.py
[2024-11-24T18:49:57.437+0000] {processor.py:830} INFO - Processing file /opt/airflow/dags/migrate_company_dag.py for tasks to queue
[2024-11-24T18:49:57.439+0000] {logging_mixin.py:188} INFO - [2024-11-24T18:49:57.438+0000] {dagbag.py:540} INFO - Filling up the DagBag from /opt/airflow/dags/migrate_company_dag.py
[2024-11-24T18:49:57.456+0000] {processor.py:840} INFO - DAG(s) 'migrate_company_data' retrieved from /opt/airflow/dags/migrate_company_dag.py
[2024-11-24T18:49:57.472+0000] {logging_mixin.py:188} INFO - [2024-11-24T18:49:57.472+0000] {dag.py:3047} INFO - Sync 1 DAGs
[2024-11-24T18:49:57.478+0000] {logging_mixin.py:188} INFO - [2024-11-24T18:49:57.478+0000] {dag.py:3834} INFO - Setting next_dagrun for migrate_company_data to None, run_after=None
[2024-11-24T18:49:57.487+0000] {processor.py:183} INFO - Processing /opt/airflow/dags/migrate_company_dag.py took 0.053 seconds
[2024-11-24T20:02:04.674+0000] {processor.py:161} INFO - Started process (PID=940) to work on /opt/airflow/dags/migrate_company_dag.py
[2024-11-24T20:02:04.675+0000] {processor.py:830} INFO - Processing file /opt/airflow/dags/migrate_company_dag.py for tasks to queue
[2024-11-24T20:02:04.675+0000] {logging_mixin.py:188} INFO - [2024-11-24T20:02:04.675+0000] {dagbag.py:540} INFO - Filling up the DagBag from /opt/airflow/dags/migrate_company_dag.py
[2024-11-24T20:02:04.691+0000] {processor.py:840} INFO - DAG(s) 'migrate_company_data' retrieved from /opt/airflow/dags/migrate_company_dag.py
[2024-11-24T20:02:04.704+0000] {logging_mixin.py:188} INFO - [2024-11-24T20:02:04.704+0000] {dag.py:3047} INFO - Sync 1 DAGs
[2024-11-24T20:02:04.711+0000] {logging_mixin.py:188} INFO - [2024-11-24T20:02:04.711+0000] {dag.py:3834} INFO - Setting next_dagrun for migrate_company_data to None, run_after=None
[2024-11-24T20:02:04.720+0000] {processor.py:183} INFO - Processing /opt/airflow/dags/migrate_company_dag.py took 0.048 seconds
[2024-11-24T21:31:40.440+0000] {processor.py:161} INFO - Started process (PID=951) to work on /opt/airflow/dags/migrate_company_dag.py
[2024-11-24T21:31:40.441+0000] {processor.py:830} INFO - Processing file /opt/airflow/dags/migrate_company_dag.py for tasks to queue
[2024-11-24T21:31:40.441+0000] {logging_mixin.py:188} INFO - [2024-11-24T21:31:40.441+0000] {dagbag.py:540} INFO - Filling up the DagBag from /opt/airflow/dags/migrate_company_dag.py
[2024-11-24T21:31:40.461+0000] {processor.py:840} INFO - DAG(s) 'migrate_company_data' retrieved from /opt/airflow/dags/migrate_company_dag.py
[2024-11-24T21:31:40.474+0000] {logging_mixin.py:188} INFO - [2024-11-24T21:31:40.474+0000] {dag.py:3047} INFO - Sync 1 DAGs
[2024-11-24T21:31:40.480+0000] {logging_mixin.py:188} INFO - [2024-11-24T21:31:40.480+0000] {dag.py:3834} INFO - Setting next_dagrun for migrate_company_data to None, run_after=None
[2024-11-24T21:31:40.487+0000] {processor.py:183} INFO - Processing /opt/airflow/dags/migrate_company_dag.py took 0.050 seconds
[2024-11-24T22:51:05.390+0000] {processor.py:161} INFO - Started process (PID=962) to work on /opt/airflow/dags/migrate_company_dag.py
[2024-11-24T22:51:05.391+0000] {processor.py:830} INFO - Processing file /opt/airflow/dags/migrate_company_dag.py for tasks to queue
[2024-11-24T22:51:05.391+0000] {logging_mixin.py:188} INFO - [2024-11-24T22:51:05.391+0000] {dagbag.py:540} INFO - Filling up the DagBag from /opt/airflow/dags/migrate_company_dag.py
[2024-11-24T22:51:05.408+0000] {processor.py:840} INFO - DAG(s) 'migrate_company_data' retrieved from /opt/airflow/dags/migrate_company_dag.py
[2024-11-24T22:51:05.421+0000] {logging_mixin.py:188} INFO - [2024-11-24T22:51:05.420+0000] {dag.py:3047} INFO - Sync 1 DAGs
[2024-11-24T22:51:05.426+0000] {logging_mixin.py:188} INFO - [2024-11-24T22:51:05.426+0000] {dag.py:3834} INFO - Setting next_dagrun for migrate_company_data to None, run_after=None
[2024-11-24T22:51:05.433+0000] {processor.py:183} INFO - Processing /opt/airflow/dags/migrate_company_dag.py took 0.046 seconds
