[2024-11-25T07:02:14.481+0000] {processor.py:161} INFO - Started process (PID=171) to work on /opt/airflow/dags/migrate_company_dag.py
[2024-11-25T07:02:14.481+0000] {processor.py:830} INFO - Processing file /opt/airflow/dags/migrate_company_dag.py for tasks to queue
[2024-11-25T07:02:14.482+0000] {logging_mixin.py:188} INFO - [2024-11-25T07:02:14.482+0000] {dagbag.py:540} INFO - Filling up the DagBag from /opt/airflow/dags/migrate_company_dag.py
[2024-11-25T07:02:14.531+0000] {processor.py:840} INFO - DAG(s) 'migrate_company_data' retrieved from /opt/airflow/dags/migrate_company_dag.py
[2024-11-25T07:02:14.643+0000] {logging_mixin.py:188} INFO - [2024-11-25T07:02:14.643+0000] {dag.py:3047} INFO - Sync 1 DAGs
[2024-11-25T07:02:14.647+0000] {logging_mixin.py:188} INFO - [2024-11-25T07:02:14.647+0000] {dag.py:3834} INFO - Setting next_dagrun for migrate_company_data to None, run_after=None
[2024-11-25T07:02:14.655+0000] {processor.py:183} INFO - Processing /opt/airflow/dags/migrate_company_dag.py took 0.176 seconds
[2024-11-25T07:02:44.692+0000] {processor.py:161} INFO - Started process (PID=188) to work on /opt/airflow/dags/migrate_company_dag.py
[2024-11-25T07:02:44.693+0000] {processor.py:830} INFO - Processing file /opt/airflow/dags/migrate_company_dag.py for tasks to queue
[2024-11-25T07:02:44.694+0000] {logging_mixin.py:188} INFO - [2024-11-25T07:02:44.694+0000] {dagbag.py:540} INFO - Filling up the DagBag from /opt/airflow/dags/migrate_company_dag.py
[2024-11-25T07:02:44.724+0000] {processor.py:840} INFO - DAG(s) 'migrate_company_data' retrieved from /opt/airflow/dags/migrate_company_dag.py
[2024-11-25T07:02:44.756+0000] {logging_mixin.py:188} INFO - [2024-11-25T07:02:44.756+0000] {dag.py:3047} INFO - Sync 1 DAGs
[2024-11-25T07:02:44.767+0000] {logging_mixin.py:188} INFO - [2024-11-25T07:02:44.767+0000] {dag.py:3834} INFO - Setting next_dagrun for migrate_company_data to None, run_after=None
[2024-11-25T07:02:44.778+0000] {processor.py:183} INFO - Processing /opt/airflow/dags/migrate_company_dag.py took 0.089 seconds
[2024-11-25T07:03:14.923+0000] {processor.py:161} INFO - Started process (PID=207) to work on /opt/airflow/dags/migrate_company_dag.py
[2024-11-25T07:03:14.924+0000] {processor.py:830} INFO - Processing file /opt/airflow/dags/migrate_company_dag.py for tasks to queue
[2024-11-25T07:03:14.925+0000] {logging_mixin.py:188} INFO - [2024-11-25T07:03:14.925+0000] {dagbag.py:540} INFO - Filling up the DagBag from /opt/airflow/dags/migrate_company_dag.py
[2024-11-25T07:03:14.951+0000] {processor.py:840} INFO - DAG(s) 'migrate_company_data' retrieved from /opt/airflow/dags/migrate_company_dag.py
[2024-11-25T07:03:14.970+0000] {logging_mixin.py:188} INFO - [2024-11-25T07:03:14.970+0000] {dag.py:3047} INFO - Sync 1 DAGs
[2024-11-25T07:03:14.977+0000] {logging_mixin.py:188} INFO - [2024-11-25T07:03:14.977+0000] {dag.py:3834} INFO - Setting next_dagrun for migrate_company_data to None, run_after=None
[2024-11-25T07:03:14.985+0000] {processor.py:183} INFO - Processing /opt/airflow/dags/migrate_company_dag.py took 0.066 seconds
