[2024-11-22T10:07:59.125+0000] {processor.py:161} INFO - Started process (PID=177) to work on /opt/airflow/dags/migrate_company_dag.py
[2024-11-22T10:07:59.127+0000] {processor.py:830} INFO - Processing file /opt/airflow/dags/migrate_company_dag.py for tasks to queue
[2024-11-22T10:07:59.128+0000] {logging_mixin.py:188} INFO - [2024-11-22T10:07:59.128+0000] {dagbag.py:540} INFO - Filling up the DagBag from /opt/airflow/dags/migrate_company_dag.py
[2024-11-22T10:07:59.175+0000] {processor.py:840} INFO - DAG(s) 'migrate_company_data' retrieved from /opt/airflow/dags/migrate_company_dag.py
[2024-11-22T10:07:59.271+0000] {logging_mixin.py:188} INFO - [2024-11-22T10:07:59.271+0000] {override.py:1769} INFO - Created Permission View: can read on DAG:migrate_company_data
[2024-11-22T10:07:59.276+0000] {logging_mixin.py:188} INFO - [2024-11-22T10:07:59.276+0000] {override.py:1769} INFO - Created Permission View: can delete on DAG:migrate_company_data
[2024-11-22T10:07:59.278+0000] {logging_mixin.py:188} INFO - [2024-11-22T10:07:59.278+0000] {override.py:1769} INFO - Created Permission View: can edit on DAG:migrate_company_data
[2024-11-22T10:07:59.278+0000] {logging_mixin.py:188} INFO - [2024-11-22T10:07:59.278+0000] {dag.py:3047} INFO - Sync 1 DAGs
[2024-11-22T10:07:59.283+0000] {logging_mixin.py:188} INFO - [2024-11-22T10:07:59.283+0000] {dag.py:3069} INFO - Creating ORM DAG for migrate_company_data
[2024-11-22T10:07:59.283+0000] {logging_mixin.py:188} INFO - [2024-11-22T10:07:59.283+0000] {dag.py:3834} INFO - Setting next_dagrun for migrate_company_data to None, run_after=None
[2024-11-22T10:07:59.290+0000] {processor.py:183} INFO - Processing /opt/airflow/dags/migrate_company_dag.py took 0.166 seconds
[2024-11-22T10:08:29.354+0000] {processor.py:161} INFO - Started process (PID=190) to work on /opt/airflow/dags/migrate_company_dag.py
[2024-11-22T10:08:29.355+0000] {processor.py:830} INFO - Processing file /opt/airflow/dags/migrate_company_dag.py for tasks to queue
[2024-11-22T10:08:29.356+0000] {logging_mixin.py:188} INFO - [2024-11-22T10:08:29.355+0000] {dagbag.py:540} INFO - Filling up the DagBag from /opt/airflow/dags/migrate_company_dag.py
[2024-11-22T10:08:29.375+0000] {processor.py:840} INFO - DAG(s) 'migrate_company_data' retrieved from /opt/airflow/dags/migrate_company_dag.py
[2024-11-22T10:08:29.392+0000] {logging_mixin.py:188} INFO - [2024-11-22T10:08:29.392+0000] {dag.py:3047} INFO - Sync 1 DAGs
[2024-11-22T10:08:29.398+0000] {logging_mixin.py:188} INFO - [2024-11-22T10:08:29.398+0000] {dag.py:3834} INFO - Setting next_dagrun for migrate_company_data to None, run_after=None
[2024-11-22T10:08:29.406+0000] {processor.py:183} INFO - Processing /opt/airflow/dags/migrate_company_dag.py took 0.056 seconds
[2024-11-22T10:08:59.553+0000] {processor.py:161} INFO - Started process (PID=201) to work on /opt/airflow/dags/migrate_company_dag.py
[2024-11-22T10:08:59.553+0000] {processor.py:830} INFO - Processing file /opt/airflow/dags/migrate_company_dag.py for tasks to queue
[2024-11-22T10:08:59.554+0000] {logging_mixin.py:188} INFO - [2024-11-22T10:08:59.554+0000] {dagbag.py:540} INFO - Filling up the DagBag from /opt/airflow/dags/migrate_company_dag.py
[2024-11-22T10:08:59.570+0000] {processor.py:840} INFO - DAG(s) 'migrate_company_data' retrieved from /opt/airflow/dags/migrate_company_dag.py
[2024-11-22T10:08:59.587+0000] {logging_mixin.py:188} INFO - [2024-11-22T10:08:59.587+0000] {dag.py:3047} INFO - Sync 1 DAGs
[2024-11-22T10:08:59.594+0000] {logging_mixin.py:188} INFO - [2024-11-22T10:08:59.593+0000] {dag.py:3834} INFO - Setting next_dagrun for migrate_company_data to None, run_after=None
[2024-11-22T10:08:59.602+0000] {processor.py:183} INFO - Processing /opt/airflow/dags/migrate_company_dag.py took 0.051 seconds
[2024-11-22T10:09:29.805+0000] {processor.py:161} INFO - Started process (PID=214) to work on /opt/airflow/dags/migrate_company_dag.py
[2024-11-22T10:09:29.806+0000] {processor.py:830} INFO - Processing file /opt/airflow/dags/migrate_company_dag.py for tasks to queue
[2024-11-22T10:09:29.807+0000] {logging_mixin.py:188} INFO - [2024-11-22T10:09:29.806+0000] {dagbag.py:540} INFO - Filling up the DagBag from /opt/airflow/dags/migrate_company_dag.py
[2024-11-22T10:09:29.827+0000] {processor.py:840} INFO - DAG(s) 'migrate_company_data' retrieved from /opt/airflow/dags/migrate_company_dag.py
[2024-11-22T10:09:29.842+0000] {logging_mixin.py:188} INFO - [2024-11-22T10:09:29.842+0000] {dag.py:3047} INFO - Sync 1 DAGs
[2024-11-22T10:09:29.848+0000] {logging_mixin.py:188} INFO - [2024-11-22T10:09:29.847+0000] {dag.py:3834} INFO - Setting next_dagrun for migrate_company_data to None, run_after=None
[2024-11-22T10:09:29.855+0000] {processor.py:183} INFO - Processing /opt/airflow/dags/migrate_company_dag.py took 0.055 seconds
[2024-11-22T10:10:00.033+0000] {processor.py:161} INFO - Started process (PID=225) to work on /opt/airflow/dags/migrate_company_dag.py
[2024-11-22T10:10:00.034+0000] {processor.py:830} INFO - Processing file /opt/airflow/dags/migrate_company_dag.py for tasks to queue
[2024-11-22T10:10:00.034+0000] {logging_mixin.py:188} INFO - [2024-11-22T10:10:00.034+0000] {dagbag.py:540} INFO - Filling up the DagBag from /opt/airflow/dags/migrate_company_dag.py
[2024-11-22T10:10:00.052+0000] {processor.py:840} INFO - DAG(s) 'migrate_company_data' retrieved from /opt/airflow/dags/migrate_company_dag.py
[2024-11-22T10:10:00.066+0000] {logging_mixin.py:188} INFO - [2024-11-22T10:10:00.066+0000] {dag.py:3047} INFO - Sync 1 DAGs
[2024-11-22T10:10:00.072+0000] {logging_mixin.py:188} INFO - [2024-11-22T10:10:00.071+0000] {dag.py:3834} INFO - Setting next_dagrun for migrate_company_data to None, run_after=None
[2024-11-22T10:10:00.078+0000] {processor.py:183} INFO - Processing /opt/airflow/dags/migrate_company_dag.py took 0.051 seconds
[2024-11-22T10:10:30.291+0000] {processor.py:161} INFO - Started process (PID=238) to work on /opt/airflow/dags/migrate_company_dag.py
[2024-11-22T10:10:30.292+0000] {processor.py:830} INFO - Processing file /opt/airflow/dags/migrate_company_dag.py for tasks to queue
[2024-11-22T10:10:30.292+0000] {logging_mixin.py:188} INFO - [2024-11-22T10:10:30.292+0000] {dagbag.py:540} INFO - Filling up the DagBag from /opt/airflow/dags/migrate_company_dag.py
[2024-11-22T10:10:30.319+0000] {processor.py:840} INFO - DAG(s) 'migrate_company_data' retrieved from /opt/airflow/dags/migrate_company_dag.py
[2024-11-22T10:10:30.337+0000] {logging_mixin.py:188} INFO - [2024-11-22T10:10:30.337+0000] {dag.py:3047} INFO - Sync 1 DAGs
[2024-11-22T10:10:30.344+0000] {logging_mixin.py:188} INFO - [2024-11-22T10:10:30.344+0000] {dag.py:3834} INFO - Setting next_dagrun for migrate_company_data to None, run_after=None
[2024-11-22T10:10:30.353+0000] {processor.py:183} INFO - Processing /opt/airflow/dags/migrate_company_dag.py took 0.067 seconds
[2024-11-22T10:11:00.552+0000] {processor.py:161} INFO - Started process (PID=249) to work on /opt/airflow/dags/migrate_company_dag.py
[2024-11-22T10:11:00.553+0000] {processor.py:830} INFO - Processing file /opt/airflow/dags/migrate_company_dag.py for tasks to queue
[2024-11-22T10:11:00.553+0000] {logging_mixin.py:188} INFO - [2024-11-22T10:11:00.553+0000] {dagbag.py:540} INFO - Filling up the DagBag from /opt/airflow/dags/migrate_company_dag.py
[2024-11-22T10:11:00.569+0000] {processor.py:840} INFO - DAG(s) 'migrate_company_data' retrieved from /opt/airflow/dags/migrate_company_dag.py
[2024-11-22T10:11:00.582+0000] {logging_mixin.py:188} INFO - [2024-11-22T10:11:00.582+0000] {dag.py:3047} INFO - Sync 1 DAGs
[2024-11-22T10:11:00.589+0000] {logging_mixin.py:188} INFO - [2024-11-22T10:11:00.589+0000] {dag.py:3834} INFO - Setting next_dagrun for migrate_company_data to None, run_after=None
[2024-11-22T10:11:00.597+0000] {processor.py:183} INFO - Processing /opt/airflow/dags/migrate_company_dag.py took 0.046 seconds
[2024-11-22T10:11:30.809+0000] {processor.py:161} INFO - Started process (PID=260) to work on /opt/airflow/dags/migrate_company_dag.py
[2024-11-22T10:11:30.809+0000] {processor.py:830} INFO - Processing file /opt/airflow/dags/migrate_company_dag.py for tasks to queue
[2024-11-22T10:11:30.810+0000] {logging_mixin.py:188} INFO - [2024-11-22T10:11:30.810+0000] {dagbag.py:540} INFO - Filling up the DagBag from /opt/airflow/dags/migrate_company_dag.py
[2024-11-22T10:11:30.831+0000] {processor.py:840} INFO - DAG(s) 'migrate_company_data' retrieved from /opt/airflow/dags/migrate_company_dag.py
[2024-11-22T10:11:30.847+0000] {logging_mixin.py:188} INFO - [2024-11-22T10:11:30.847+0000] {dag.py:3047} INFO - Sync 1 DAGs
[2024-11-22T10:11:30.854+0000] {logging_mixin.py:188} INFO - [2024-11-22T10:11:30.854+0000] {dag.py:3834} INFO - Setting next_dagrun for migrate_company_data to None, run_after=None
[2024-11-22T10:11:30.862+0000] {processor.py:183} INFO - Processing /opt/airflow/dags/migrate_company_dag.py took 0.057 seconds
[2024-11-22T10:12:01.059+0000] {processor.py:161} INFO - Started process (PID=271) to work on /opt/airflow/dags/migrate_company_dag.py
[2024-11-22T10:12:01.059+0000] {processor.py:830} INFO - Processing file /opt/airflow/dags/migrate_company_dag.py for tasks to queue
[2024-11-22T10:12:01.060+0000] {logging_mixin.py:188} INFO - [2024-11-22T10:12:01.060+0000] {dagbag.py:540} INFO - Filling up the DagBag from /opt/airflow/dags/migrate_company_dag.py
[2024-11-22T10:12:01.080+0000] {processor.py:840} INFO - DAG(s) 'migrate_company_data' retrieved from /opt/airflow/dags/migrate_company_dag.py
[2024-11-22T10:12:01.097+0000] {logging_mixin.py:188} INFO - [2024-11-22T10:12:01.097+0000] {dag.py:3047} INFO - Sync 1 DAGs
[2024-11-22T10:12:01.105+0000] {logging_mixin.py:188} INFO - [2024-11-22T10:12:01.105+0000] {dag.py:3834} INFO - Setting next_dagrun for migrate_company_data to None, run_after=None
[2024-11-22T10:12:01.114+0000] {processor.py:183} INFO - Processing /opt/airflow/dags/migrate_company_dag.py took 0.058 seconds
[2024-11-22T10:12:31.312+0000] {processor.py:161} INFO - Started process (PID=284) to work on /opt/airflow/dags/migrate_company_dag.py
[2024-11-22T10:12:31.313+0000] {processor.py:830} INFO - Processing file /opt/airflow/dags/migrate_company_dag.py for tasks to queue
[2024-11-22T10:12:31.314+0000] {logging_mixin.py:188} INFO - [2024-11-22T10:12:31.314+0000] {dagbag.py:540} INFO - Filling up the DagBag from /opt/airflow/dags/migrate_company_dag.py
[2024-11-22T10:12:31.337+0000] {processor.py:840} INFO - DAG(s) 'migrate_company_data' retrieved from /opt/airflow/dags/migrate_company_dag.py
[2024-11-22T10:12:31.354+0000] {logging_mixin.py:188} INFO - [2024-11-22T10:12:31.354+0000] {dag.py:3047} INFO - Sync 1 DAGs
[2024-11-22T10:12:31.360+0000] {logging_mixin.py:188} INFO - [2024-11-22T10:12:31.360+0000] {dag.py:3834} INFO - Setting next_dagrun for migrate_company_data to None, run_after=None
[2024-11-22T10:12:31.368+0000] {processor.py:183} INFO - Processing /opt/airflow/dags/migrate_company_dag.py took 0.060 seconds
[2024-11-22T10:12:57.977+0000] {processor.py:161} INFO - Started process (PID=177) to work on /opt/airflow/dags/migrate_company_dag.py
[2024-11-22T10:12:57.978+0000] {processor.py:830} INFO - Processing file /opt/airflow/dags/migrate_company_dag.py for tasks to queue
[2024-11-22T10:12:57.979+0000] {logging_mixin.py:188} INFO - [2024-11-22T10:12:57.979+0000] {dagbag.py:540} INFO - Filling up the DagBag from /opt/airflow/dags/migrate_company_dag.py
[2024-11-22T10:12:58.022+0000] {processor.py:840} INFO - DAG(s) 'migrate_company_data' retrieved from /opt/airflow/dags/migrate_company_dag.py
[2024-11-22T10:12:58.163+0000] {logging_mixin.py:188} INFO - [2024-11-22T10:12:58.163+0000] {dag.py:3047} INFO - Sync 1 DAGs
[2024-11-22T10:12:58.167+0000] {logging_mixin.py:188} INFO - [2024-11-22T10:12:58.167+0000] {dag.py:3834} INFO - Setting next_dagrun for migrate_company_data to None, run_after=None
[2024-11-22T10:12:58.176+0000] {processor.py:183} INFO - Processing /opt/airflow/dags/migrate_company_dag.py took 0.201 seconds
[2024-11-22T10:13:28.205+0000] {processor.py:161} INFO - Started process (PID=190) to work on /opt/airflow/dags/migrate_company_dag.py
[2024-11-22T10:13:28.206+0000] {processor.py:830} INFO - Processing file /opt/airflow/dags/migrate_company_dag.py for tasks to queue
[2024-11-22T10:13:28.207+0000] {logging_mixin.py:188} INFO - [2024-11-22T10:13:28.207+0000] {dagbag.py:540} INFO - Filling up the DagBag from /opt/airflow/dags/migrate_company_dag.py
[2024-11-22T10:13:28.230+0000] {processor.py:840} INFO - DAG(s) 'migrate_company_data' retrieved from /opt/airflow/dags/migrate_company_dag.py
[2024-11-22T10:13:28.251+0000] {logging_mixin.py:188} INFO - [2024-11-22T10:13:28.251+0000] {dag.py:3047} INFO - Sync 1 DAGs
[2024-11-22T10:13:28.258+0000] {logging_mixin.py:188} INFO - [2024-11-22T10:13:28.258+0000] {dag.py:3834} INFO - Setting next_dagrun for migrate_company_data to None, run_after=None
[2024-11-22T10:13:28.266+0000] {processor.py:183} INFO - Processing /opt/airflow/dags/migrate_company_dag.py took 0.065 seconds
[2024-11-22T10:13:58.439+0000] {processor.py:161} INFO - Started process (PID=201) to work on /opt/airflow/dags/migrate_company_dag.py
[2024-11-22T10:13:58.440+0000] {processor.py:830} INFO - Processing file /opt/airflow/dags/migrate_company_dag.py for tasks to queue
[2024-11-22T10:13:58.441+0000] {logging_mixin.py:188} INFO - [2024-11-22T10:13:58.440+0000] {dagbag.py:540} INFO - Filling up the DagBag from /opt/airflow/dags/migrate_company_dag.py
[2024-11-22T10:13:58.463+0000] {processor.py:840} INFO - DAG(s) 'migrate_company_data' retrieved from /opt/airflow/dags/migrate_company_dag.py
[2024-11-22T10:13:58.478+0000] {logging_mixin.py:188} INFO - [2024-11-22T10:13:58.478+0000] {dag.py:3047} INFO - Sync 1 DAGs
[2024-11-22T10:13:58.484+0000] {logging_mixin.py:188} INFO - [2024-11-22T10:13:58.484+0000] {dag.py:3834} INFO - Setting next_dagrun for migrate_company_data to None, run_after=None
[2024-11-22T10:13:58.492+0000] {processor.py:183} INFO - Processing /opt/airflow/dags/migrate_company_dag.py took 0.057 seconds
[2024-11-22T10:14:28.728+0000] {processor.py:161} INFO - Started process (PID=212) to work on /opt/airflow/dags/migrate_company_dag.py
[2024-11-22T10:14:28.728+0000] {processor.py:830} INFO - Processing file /opt/airflow/dags/migrate_company_dag.py for tasks to queue
[2024-11-22T10:14:28.729+0000] {logging_mixin.py:188} INFO - [2024-11-22T10:14:28.729+0000] {dagbag.py:540} INFO - Filling up the DagBag from /opt/airflow/dags/migrate_company_dag.py
[2024-11-22T10:14:28.755+0000] {processor.py:840} INFO - DAG(s) 'migrate_company_data' retrieved from /opt/airflow/dags/migrate_company_dag.py
[2024-11-22T10:14:28.773+0000] {logging_mixin.py:188} INFO - [2024-11-22T10:14:28.773+0000] {dag.py:3047} INFO - Sync 1 DAGs
[2024-11-22T10:14:28.781+0000] {logging_mixin.py:188} INFO - [2024-11-22T10:14:28.781+0000] {dag.py:3834} INFO - Setting next_dagrun for migrate_company_data to None, run_after=None
[2024-11-22T10:14:28.790+0000] {processor.py:183} INFO - Processing /opt/airflow/dags/migrate_company_dag.py took 0.067 seconds
[2024-11-22T10:14:59.011+0000] {processor.py:161} INFO - Started process (PID=223) to work on /opt/airflow/dags/migrate_company_dag.py
[2024-11-22T10:14:59.012+0000] {processor.py:830} INFO - Processing file /opt/airflow/dags/migrate_company_dag.py for tasks to queue
[2024-11-22T10:14:59.013+0000] {logging_mixin.py:188} INFO - [2024-11-22T10:14:59.013+0000] {dagbag.py:540} INFO - Filling up the DagBag from /opt/airflow/dags/migrate_company_dag.py
[2024-11-22T10:14:59.036+0000] {processor.py:840} INFO - DAG(s) 'migrate_company_data' retrieved from /opt/airflow/dags/migrate_company_dag.py
[2024-11-22T10:14:59.053+0000] {logging_mixin.py:188} INFO - [2024-11-22T10:14:59.053+0000] {dag.py:3047} INFO - Sync 1 DAGs
[2024-11-22T10:14:59.060+0000] {logging_mixin.py:188} INFO - [2024-11-22T10:14:59.060+0000] {dag.py:3834} INFO - Setting next_dagrun for migrate_company_data to None, run_after=None
[2024-11-22T10:14:59.070+0000] {processor.py:183} INFO - Processing /opt/airflow/dags/migrate_company_dag.py took 0.065 seconds
[2024-11-22T10:15:29.264+0000] {processor.py:161} INFO - Started process (PID=234) to work on /opt/airflow/dags/migrate_company_dag.py
[2024-11-22T10:15:29.265+0000] {processor.py:830} INFO - Processing file /opt/airflow/dags/migrate_company_dag.py for tasks to queue
[2024-11-22T10:15:29.266+0000] {logging_mixin.py:188} INFO - [2024-11-22T10:15:29.265+0000] {dagbag.py:540} INFO - Filling up the DagBag from /opt/airflow/dags/migrate_company_dag.py
[2024-11-22T10:15:29.292+0000] {processor.py:840} INFO - DAG(s) 'migrate_company_data' retrieved from /opt/airflow/dags/migrate_company_dag.py
[2024-11-22T10:15:29.315+0000] {logging_mixin.py:188} INFO - [2024-11-22T10:15:29.315+0000] {dag.py:3047} INFO - Sync 1 DAGs
[2024-11-22T10:15:29.324+0000] {logging_mixin.py:188} INFO - [2024-11-22T10:15:29.323+0000] {dag.py:3834} INFO - Setting next_dagrun for migrate_company_data to None, run_after=None
[2024-11-22T10:15:29.334+0000] {processor.py:183} INFO - Processing /opt/airflow/dags/migrate_company_dag.py took 0.073 seconds
[2024-11-22T10:15:59.541+0000] {processor.py:161} INFO - Started process (PID=245) to work on /opt/airflow/dags/migrate_company_dag.py
[2024-11-22T10:15:59.542+0000] {processor.py:830} INFO - Processing file /opt/airflow/dags/migrate_company_dag.py for tasks to queue
[2024-11-22T10:15:59.543+0000] {logging_mixin.py:188} INFO - [2024-11-22T10:15:59.542+0000] {dagbag.py:540} INFO - Filling up the DagBag from /opt/airflow/dags/migrate_company_dag.py
[2024-11-22T10:15:59.574+0000] {processor.py:840} INFO - DAG(s) 'migrate_company_data' retrieved from /opt/airflow/dags/migrate_company_dag.py
[2024-11-22T10:15:59.592+0000] {logging_mixin.py:188} INFO - [2024-11-22T10:15:59.592+0000] {dag.py:3047} INFO - Sync 1 DAGs
[2024-11-22T10:15:59.603+0000] {logging_mixin.py:188} INFO - [2024-11-22T10:15:59.603+0000] {dag.py:3834} INFO - Setting next_dagrun for migrate_company_data to None, run_after=None
[2024-11-22T10:15:59.614+0000] {processor.py:183} INFO - Processing /opt/airflow/dags/migrate_company_dag.py took 0.080 seconds
[2024-11-22T10:16:29.806+0000] {processor.py:161} INFO - Started process (PID=256) to work on /opt/airflow/dags/migrate_company_dag.py
[2024-11-22T10:16:29.808+0000] {processor.py:830} INFO - Processing file /opt/airflow/dags/migrate_company_dag.py for tasks to queue
[2024-11-22T10:16:29.810+0000] {logging_mixin.py:188} INFO - [2024-11-22T10:16:29.809+0000] {dagbag.py:540} INFO - Filling up the DagBag from /opt/airflow/dags/migrate_company_dag.py
[2024-11-22T10:16:29.844+0000] {processor.py:840} INFO - DAG(s) 'migrate_company_data' retrieved from /opt/airflow/dags/migrate_company_dag.py
[2024-11-22T10:16:29.864+0000] {logging_mixin.py:188} INFO - [2024-11-22T10:16:29.864+0000] {dag.py:3047} INFO - Sync 1 DAGs
[2024-11-22T10:16:29.872+0000] {logging_mixin.py:188} INFO - [2024-11-22T10:16:29.872+0000] {dag.py:3834} INFO - Setting next_dagrun for migrate_company_data to None, run_after=None
[2024-11-22T10:16:29.881+0000] {processor.py:183} INFO - Processing /opt/airflow/dags/migrate_company_dag.py took 0.080 seconds
[2024-11-22T10:17:00.071+0000] {processor.py:161} INFO - Started process (PID=267) to work on /opt/airflow/dags/migrate_company_dag.py
[2024-11-22T10:17:00.072+0000] {processor.py:830} INFO - Processing file /opt/airflow/dags/migrate_company_dag.py for tasks to queue
[2024-11-22T10:17:00.073+0000] {logging_mixin.py:188} INFO - [2024-11-22T10:17:00.072+0000] {dagbag.py:540} INFO - Filling up the DagBag from /opt/airflow/dags/migrate_company_dag.py
[2024-11-22T10:17:00.097+0000] {processor.py:840} INFO - DAG(s) 'migrate_company_data' retrieved from /opt/airflow/dags/migrate_company_dag.py
[2024-11-22T10:17:00.113+0000] {logging_mixin.py:188} INFO - [2024-11-22T10:17:00.113+0000] {dag.py:3047} INFO - Sync 1 DAGs
[2024-11-22T10:17:00.119+0000] {logging_mixin.py:188} INFO - [2024-11-22T10:17:00.119+0000] {dag.py:3834} INFO - Setting next_dagrun for migrate_company_data to None, run_after=None
[2024-11-22T10:17:00.127+0000] {processor.py:183} INFO - Processing /opt/airflow/dags/migrate_company_dag.py took 0.060 seconds
[2024-11-22T10:17:30.360+0000] {processor.py:161} INFO - Started process (PID=278) to work on /opt/airflow/dags/migrate_company_dag.py
[2024-11-22T10:17:30.361+0000] {processor.py:830} INFO - Processing file /opt/airflow/dags/migrate_company_dag.py for tasks to queue
[2024-11-22T10:17:30.362+0000] {logging_mixin.py:188} INFO - [2024-11-22T10:17:30.361+0000] {dagbag.py:540} INFO - Filling up the DagBag from /opt/airflow/dags/migrate_company_dag.py
[2024-11-22T10:17:30.397+0000] {processor.py:840} INFO - DAG(s) 'migrate_company_data' retrieved from /opt/airflow/dags/migrate_company_dag.py
[2024-11-22T10:17:30.424+0000] {logging_mixin.py:188} INFO - [2024-11-22T10:17:30.424+0000] {dag.py:3047} INFO - Sync 1 DAGs
[2024-11-22T10:17:30.433+0000] {logging_mixin.py:188} INFO - [2024-11-22T10:17:30.433+0000] {dag.py:3834} INFO - Setting next_dagrun for migrate_company_data to None, run_after=None
[2024-11-22T10:17:30.442+0000] {processor.py:183} INFO - Processing /opt/airflow/dags/migrate_company_dag.py took 0.086 seconds
[2024-11-22T10:18:00.664+0000] {processor.py:161} INFO - Started process (PID=289) to work on /opt/airflow/dags/migrate_company_dag.py
[2024-11-22T10:18:00.665+0000] {processor.py:830} INFO - Processing file /opt/airflow/dags/migrate_company_dag.py for tasks to queue
[2024-11-22T10:18:00.666+0000] {logging_mixin.py:188} INFO - [2024-11-22T10:18:00.665+0000] {dagbag.py:540} INFO - Filling up the DagBag from /opt/airflow/dags/migrate_company_dag.py
[2024-11-22T10:18:00.685+0000] {processor.py:840} INFO - DAG(s) 'migrate_company_data' retrieved from /opt/airflow/dags/migrate_company_dag.py
[2024-11-22T10:18:00.705+0000] {logging_mixin.py:188} INFO - [2024-11-22T10:18:00.705+0000] {dag.py:3047} INFO - Sync 1 DAGs
[2024-11-22T10:18:00.714+0000] {logging_mixin.py:188} INFO - [2024-11-22T10:18:00.714+0000] {dag.py:3834} INFO - Setting next_dagrun for migrate_company_data to None, run_after=None
[2024-11-22T10:18:00.723+0000] {processor.py:183} INFO - Processing /opt/airflow/dags/migrate_company_dag.py took 0.061 seconds
[2024-11-22T10:18:30.923+0000] {processor.py:161} INFO - Started process (PID=300) to work on /opt/airflow/dags/migrate_company_dag.py
[2024-11-22T10:18:30.924+0000] {processor.py:830} INFO - Processing file /opt/airflow/dags/migrate_company_dag.py for tasks to queue
[2024-11-22T10:18:30.926+0000] {logging_mixin.py:188} INFO - [2024-11-22T10:18:30.925+0000] {dagbag.py:540} INFO - Filling up the DagBag from /opt/airflow/dags/migrate_company_dag.py
[2024-11-22T10:18:30.954+0000] {processor.py:840} INFO - DAG(s) 'migrate_company_data' retrieved from /opt/airflow/dags/migrate_company_dag.py
[2024-11-22T10:18:30.978+0000] {logging_mixin.py:188} INFO - [2024-11-22T10:18:30.977+0000] {dag.py:3047} INFO - Sync 1 DAGs
[2024-11-22T10:18:30.988+0000] {logging_mixin.py:188} INFO - [2024-11-22T10:18:30.988+0000] {dag.py:3834} INFO - Setting next_dagrun for migrate_company_data to None, run_after=None
[2024-11-22T10:18:30.998+0000] {processor.py:183} INFO - Processing /opt/airflow/dags/migrate_company_dag.py took 0.086 seconds
[2024-11-22T10:19:01.178+0000] {processor.py:161} INFO - Started process (PID=311) to work on /opt/airflow/dags/migrate_company_dag.py
[2024-11-22T10:19:01.178+0000] {processor.py:830} INFO - Processing file /opt/airflow/dags/migrate_company_dag.py for tasks to queue
[2024-11-22T10:19:01.179+0000] {logging_mixin.py:188} INFO - [2024-11-22T10:19:01.179+0000] {dagbag.py:540} INFO - Filling up the DagBag from /opt/airflow/dags/migrate_company_dag.py
[2024-11-22T10:19:01.203+0000] {processor.py:840} INFO - DAG(s) 'migrate_company_data' retrieved from /opt/airflow/dags/migrate_company_dag.py
[2024-11-22T10:19:01.220+0000] {logging_mixin.py:188} INFO - [2024-11-22T10:19:01.220+0000] {dag.py:3047} INFO - Sync 1 DAGs
[2024-11-22T10:19:01.228+0000] {logging_mixin.py:188} INFO - [2024-11-22T10:19:01.228+0000] {dag.py:3834} INFO - Setting next_dagrun for migrate_company_data to None, run_after=None
[2024-11-22T10:19:01.237+0000] {processor.py:183} INFO - Processing /opt/airflow/dags/migrate_company_dag.py took 0.065 seconds
[2024-11-22T10:19:31.488+0000] {processor.py:161} INFO - Started process (PID=322) to work on /opt/airflow/dags/migrate_company_dag.py
[2024-11-22T10:19:31.489+0000] {processor.py:830} INFO - Processing file /opt/airflow/dags/migrate_company_dag.py for tasks to queue
[2024-11-22T10:19:31.490+0000] {logging_mixin.py:188} INFO - [2024-11-22T10:19:31.489+0000] {dagbag.py:540} INFO - Filling up the DagBag from /opt/airflow/dags/migrate_company_dag.py
[2024-11-22T10:19:31.516+0000] {processor.py:840} INFO - DAG(s) 'migrate_company_data' retrieved from /opt/airflow/dags/migrate_company_dag.py
[2024-11-22T10:19:31.534+0000] {logging_mixin.py:188} INFO - [2024-11-22T10:19:31.534+0000] {dag.py:3047} INFO - Sync 1 DAGs
[2024-11-22T10:19:31.541+0000] {logging_mixin.py:188} INFO - [2024-11-22T10:19:31.541+0000] {dag.py:3834} INFO - Setting next_dagrun for migrate_company_data to None, run_after=None
[2024-11-22T10:19:31.549+0000] {processor.py:183} INFO - Processing /opt/airflow/dags/migrate_company_dag.py took 0.068 seconds
[2024-11-22T10:20:01.775+0000] {processor.py:161} INFO - Started process (PID=333) to work on /opt/airflow/dags/migrate_company_dag.py
[2024-11-22T10:20:01.776+0000] {processor.py:830} INFO - Processing file /opt/airflow/dags/migrate_company_dag.py for tasks to queue
[2024-11-22T10:20:01.777+0000] {logging_mixin.py:188} INFO - [2024-11-22T10:20:01.776+0000] {dagbag.py:540} INFO - Filling up the DagBag from /opt/airflow/dags/migrate_company_dag.py
[2024-11-22T10:20:01.803+0000] {processor.py:840} INFO - DAG(s) 'migrate_company_data' retrieved from /opt/airflow/dags/migrate_company_dag.py
[2024-11-22T10:20:01.819+0000] {logging_mixin.py:188} INFO - [2024-11-22T10:20:01.819+0000] {dag.py:3047} INFO - Sync 1 DAGs
[2024-11-22T10:20:01.825+0000] {logging_mixin.py:188} INFO - [2024-11-22T10:20:01.825+0000] {dag.py:3834} INFO - Setting next_dagrun for migrate_company_data to None, run_after=None
[2024-11-22T10:20:01.834+0000] {processor.py:183} INFO - Processing /opt/airflow/dags/migrate_company_dag.py took 0.064 seconds
[2024-11-22T10:20:38.538+0000] {processor.py:161} INFO - Started process (PID=177) to work on /opt/airflow/dags/migrate_company_dag.py
[2024-11-22T10:20:38.542+0000] {processor.py:830} INFO - Processing file /opt/airflow/dags/migrate_company_dag.py for tasks to queue
[2024-11-22T10:20:38.542+0000] {logging_mixin.py:188} INFO - [2024-11-22T10:20:38.542+0000] {dagbag.py:540} INFO - Filling up the DagBag from /opt/airflow/dags/migrate_company_dag.py
[2024-11-22T10:20:38.621+0000] {processor.py:840} INFO - DAG(s) 'migrate_company_data' retrieved from /opt/airflow/dags/migrate_company_dag.py
[2024-11-22T10:20:38.717+0000] {logging_mixin.py:188} INFO - [2024-11-22T10:20:38.717+0000] {dag.py:3047} INFO - Sync 1 DAGs
[2024-11-22T10:20:38.722+0000] {logging_mixin.py:188} INFO - [2024-11-22T10:20:38.722+0000] {dag.py:3834} INFO - Setting next_dagrun for migrate_company_data to None, run_after=None
[2024-11-22T10:20:38.731+0000] {processor.py:183} INFO - Processing /opt/airflow/dags/migrate_company_dag.py took 0.195 seconds
[2024-11-22T10:21:08.945+0000] {processor.py:161} INFO - Started process (PID=190) to work on /opt/airflow/dags/migrate_company_dag.py
[2024-11-22T10:21:08.947+0000] {processor.py:830} INFO - Processing file /opt/airflow/dags/migrate_company_dag.py for tasks to queue
[2024-11-22T10:21:08.948+0000] {logging_mixin.py:188} INFO - [2024-11-22T10:21:08.948+0000] {dagbag.py:540} INFO - Filling up the DagBag from /opt/airflow/dags/migrate_company_dag.py
[2024-11-22T10:21:08.975+0000] {processor.py:840} INFO - DAG(s) 'migrate_company_data' retrieved from /opt/airflow/dags/migrate_company_dag.py
[2024-11-22T10:21:08.995+0000] {logging_mixin.py:188} INFO - [2024-11-22T10:21:08.995+0000] {dag.py:3047} INFO - Sync 1 DAGs
[2024-11-22T10:21:09.001+0000] {logging_mixin.py:188} INFO - [2024-11-22T10:21:09.001+0000] {dag.py:3834} INFO - Setting next_dagrun for migrate_company_data to None, run_after=None
[2024-11-22T10:21:09.009+0000] {processor.py:183} INFO - Processing /opt/airflow/dags/migrate_company_dag.py took 0.069 seconds
[2024-11-22T10:21:39.219+0000] {processor.py:161} INFO - Started process (PID=201) to work on /opt/airflow/dags/migrate_company_dag.py
[2024-11-22T10:21:39.220+0000] {processor.py:830} INFO - Processing file /opt/airflow/dags/migrate_company_dag.py for tasks to queue
[2024-11-22T10:21:39.221+0000] {logging_mixin.py:188} INFO - [2024-11-22T10:21:39.220+0000] {dagbag.py:540} INFO - Filling up the DagBag from /opt/airflow/dags/migrate_company_dag.py
[2024-11-22T10:21:39.246+0000] {processor.py:840} INFO - DAG(s) 'migrate_company_data' retrieved from /opt/airflow/dags/migrate_company_dag.py
[2024-11-22T10:21:39.264+0000] {logging_mixin.py:188} INFO - [2024-11-22T10:21:39.264+0000] {dag.py:3047} INFO - Sync 1 DAGs
[2024-11-22T10:21:39.271+0000] {logging_mixin.py:188} INFO - [2024-11-22T10:21:39.271+0000] {dag.py:3834} INFO - Setting next_dagrun for migrate_company_data to None, run_after=None
[2024-11-22T10:21:39.279+0000] {processor.py:183} INFO - Processing /opt/airflow/dags/migrate_company_dag.py took 0.064 seconds
[2024-11-22T10:22:09.502+0000] {processor.py:161} INFO - Started process (PID=212) to work on /opt/airflow/dags/migrate_company_dag.py
[2024-11-22T10:22:09.502+0000] {processor.py:830} INFO - Processing file /opt/airflow/dags/migrate_company_dag.py for tasks to queue
[2024-11-22T10:22:09.504+0000] {logging_mixin.py:188} INFO - [2024-11-22T10:22:09.503+0000] {dagbag.py:540} INFO - Filling up the DagBag from /opt/airflow/dags/migrate_company_dag.py
[2024-11-22T10:22:09.537+0000] {processor.py:840} INFO - DAG(s) 'migrate_company_data' retrieved from /opt/airflow/dags/migrate_company_dag.py
[2024-11-22T10:22:09.559+0000] {logging_mixin.py:188} INFO - [2024-11-22T10:22:09.558+0000] {dag.py:3047} INFO - Sync 1 DAGs
[2024-11-22T10:22:09.568+0000] {logging_mixin.py:188} INFO - [2024-11-22T10:22:09.568+0000] {dag.py:3834} INFO - Setting next_dagrun for migrate_company_data to None, run_after=None
[2024-11-22T10:22:09.579+0000] {processor.py:183} INFO - Processing /opt/airflow/dags/migrate_company_dag.py took 0.082 seconds
[2024-11-22T10:22:39.756+0000] {processor.py:161} INFO - Started process (PID=223) to work on /opt/airflow/dags/migrate_company_dag.py
[2024-11-22T10:22:39.757+0000] {processor.py:830} INFO - Processing file /opt/airflow/dags/migrate_company_dag.py for tasks to queue
[2024-11-22T10:22:39.758+0000] {logging_mixin.py:188} INFO - [2024-11-22T10:22:39.758+0000] {dagbag.py:540} INFO - Filling up the DagBag from /opt/airflow/dags/migrate_company_dag.py
[2024-11-22T10:22:39.783+0000] {processor.py:840} INFO - DAG(s) 'migrate_company_data' retrieved from /opt/airflow/dags/migrate_company_dag.py
[2024-11-22T10:22:39.798+0000] {logging_mixin.py:188} INFO - [2024-11-22T10:22:39.798+0000] {dag.py:3047} INFO - Sync 1 DAGs
[2024-11-22T10:22:39.805+0000] {logging_mixin.py:188} INFO - [2024-11-22T10:22:39.804+0000] {dag.py:3834} INFO - Setting next_dagrun for migrate_company_data to None, run_after=None
[2024-11-22T10:22:39.812+0000] {processor.py:183} INFO - Processing /opt/airflow/dags/migrate_company_dag.py took 0.061 seconds
[2024-11-22T10:23:28.883+0000] {processor.py:161} INFO - Started process (PID=177) to work on /opt/airflow/dags/migrate_company_dag.py
[2024-11-22T10:23:28.884+0000] {processor.py:830} INFO - Processing file /opt/airflow/dags/migrate_company_dag.py for tasks to queue
[2024-11-22T10:23:28.885+0000] {logging_mixin.py:188} INFO - [2024-11-22T10:23:28.885+0000] {dagbag.py:540} INFO - Filling up the DagBag from /opt/airflow/dags/migrate_company_dag.py
[2024-11-22T10:23:28.943+0000] {processor.py:840} INFO - DAG(s) 'migrate_company_data' retrieved from /opt/airflow/dags/migrate_company_dag.py
[2024-11-22T10:23:29.054+0000] {logging_mixin.py:188} INFO - [2024-11-22T10:23:29.054+0000] {dag.py:3047} INFO - Sync 1 DAGs
[2024-11-22T10:23:29.059+0000] {logging_mixin.py:188} INFO - [2024-11-22T10:23:29.059+0000] {dag.py:3834} INFO - Setting next_dagrun for migrate_company_data to None, run_after=None
[2024-11-22T10:23:29.069+0000] {processor.py:183} INFO - Processing /opt/airflow/dags/migrate_company_dag.py took 0.188 seconds
[2024-11-22T10:23:59.115+0000] {processor.py:161} INFO - Started process (PID=188) to work on /opt/airflow/dags/migrate_company_dag.py
[2024-11-22T10:23:59.116+0000] {processor.py:830} INFO - Processing file /opt/airflow/dags/migrate_company_dag.py for tasks to queue
[2024-11-22T10:23:59.117+0000] {logging_mixin.py:188} INFO - [2024-11-22T10:23:59.117+0000] {dagbag.py:540} INFO - Filling up the DagBag from /opt/airflow/dags/migrate_company_dag.py
[2024-11-22T10:23:59.141+0000] {processor.py:840} INFO - DAG(s) 'migrate_company_data' retrieved from /opt/airflow/dags/migrate_company_dag.py
[2024-11-22T10:23:59.159+0000] {logging_mixin.py:188} INFO - [2024-11-22T10:23:59.159+0000] {dag.py:3047} INFO - Sync 1 DAGs
[2024-11-22T10:23:59.165+0000] {logging_mixin.py:188} INFO - [2024-11-22T10:23:59.165+0000] {dag.py:3834} INFO - Setting next_dagrun for migrate_company_data to None, run_after=None
[2024-11-22T10:23:59.174+0000] {processor.py:183} INFO - Processing /opt/airflow/dags/migrate_company_dag.py took 0.063 seconds
[2024-11-22T10:24:29.364+0000] {processor.py:161} INFO - Started process (PID=207) to work on /opt/airflow/dags/migrate_company_dag.py
[2024-11-22T10:24:29.365+0000] {processor.py:830} INFO - Processing file /opt/airflow/dags/migrate_company_dag.py for tasks to queue
[2024-11-22T10:24:29.365+0000] {logging_mixin.py:188} INFO - [2024-11-22T10:24:29.365+0000] {dagbag.py:540} INFO - Filling up the DagBag from /opt/airflow/dags/migrate_company_dag.py
[2024-11-22T10:24:29.394+0000] {processor.py:840} INFO - DAG(s) 'migrate_company_data' retrieved from /opt/airflow/dags/migrate_company_dag.py
[2024-11-22T10:24:29.414+0000] {logging_mixin.py:188} INFO - [2024-11-22T10:24:29.414+0000] {dag.py:3047} INFO - Sync 1 DAGs
[2024-11-22T10:24:29.420+0000] {logging_mixin.py:188} INFO - [2024-11-22T10:24:29.420+0000] {dag.py:3834} INFO - Setting next_dagrun for migrate_company_data to None, run_after=None
[2024-11-22T10:24:29.433+0000] {processor.py:183} INFO - Processing /opt/airflow/dags/migrate_company_dag.py took 0.072 seconds
[2024-11-22T10:24:59.605+0000] {processor.py:161} INFO - Started process (PID=218) to work on /opt/airflow/dags/migrate_company_dag.py
[2024-11-22T10:24:59.607+0000] {processor.py:830} INFO - Processing file /opt/airflow/dags/migrate_company_dag.py for tasks to queue
[2024-11-22T10:24:59.609+0000] {logging_mixin.py:188} INFO - [2024-11-22T10:24:59.608+0000] {dagbag.py:540} INFO - Filling up the DagBag from /opt/airflow/dags/migrate_company_dag.py
[2024-11-22T10:24:59.639+0000] {processor.py:840} INFO - DAG(s) 'migrate_company_data' retrieved from /opt/airflow/dags/migrate_company_dag.py
[2024-11-22T10:24:59.661+0000] {logging_mixin.py:188} INFO - [2024-11-22T10:24:59.660+0000] {dag.py:3047} INFO - Sync 1 DAGs
[2024-11-22T10:24:59.668+0000] {logging_mixin.py:188} INFO - [2024-11-22T10:24:59.668+0000] {dag.py:3834} INFO - Setting next_dagrun for migrate_company_data to None, run_after=None
[2024-11-22T10:24:59.676+0000] {processor.py:183} INFO - Processing /opt/airflow/dags/migrate_company_dag.py took 0.078 seconds
[2024-11-22T10:25:29.860+0000] {processor.py:161} INFO - Started process (PID=229) to work on /opt/airflow/dags/migrate_company_dag.py
[2024-11-22T10:25:29.860+0000] {processor.py:830} INFO - Processing file /opt/airflow/dags/migrate_company_dag.py for tasks to queue
[2024-11-22T10:25:29.861+0000] {logging_mixin.py:188} INFO - [2024-11-22T10:25:29.861+0000] {dagbag.py:540} INFO - Filling up the DagBag from /opt/airflow/dags/migrate_company_dag.py
[2024-11-22T10:25:29.886+0000] {processor.py:840} INFO - DAG(s) 'migrate_company_data' retrieved from /opt/airflow/dags/migrate_company_dag.py
[2024-11-22T10:25:29.902+0000] {logging_mixin.py:188} INFO - [2024-11-22T10:25:29.902+0000] {dag.py:3047} INFO - Sync 1 DAGs
[2024-11-22T10:25:29.909+0000] {logging_mixin.py:188} INFO - [2024-11-22T10:25:29.909+0000] {dag.py:3834} INFO - Setting next_dagrun for migrate_company_data to None, run_after=None
[2024-11-22T10:25:29.917+0000] {processor.py:183} INFO - Processing /opt/airflow/dags/migrate_company_dag.py took 0.062 seconds
[2024-11-22T10:26:00.066+0000] {processor.py:161} INFO - Started process (PID=240) to work on /opt/airflow/dags/migrate_company_dag.py
[2024-11-22T10:26:00.067+0000] {processor.py:830} INFO - Processing file /opt/airflow/dags/migrate_company_dag.py for tasks to queue
[2024-11-22T10:26:00.067+0000] {logging_mixin.py:188} INFO - [2024-11-22T10:26:00.067+0000] {dagbag.py:540} INFO - Filling up the DagBag from /opt/airflow/dags/migrate_company_dag.py
[2024-11-22T10:26:00.081+0000] {processor.py:840} INFO - DAG(s) 'migrate_company_data' retrieved from /opt/airflow/dags/migrate_company_dag.py
[2024-11-22T10:26:00.096+0000] {logging_mixin.py:188} INFO - [2024-11-22T10:26:00.095+0000] {dag.py:3047} INFO - Sync 1 DAGs
[2024-11-22T10:26:00.101+0000] {logging_mixin.py:188} INFO - [2024-11-22T10:26:00.101+0000] {dag.py:3834} INFO - Setting next_dagrun for migrate_company_data to None, run_after=None
[2024-11-22T10:26:00.109+0000] {processor.py:183} INFO - Processing /opt/airflow/dags/migrate_company_dag.py took 0.045 seconds
[2024-11-22T10:26:30.330+0000] {processor.py:161} INFO - Started process (PID=251) to work on /opt/airflow/dags/migrate_company_dag.py
[2024-11-22T10:26:30.330+0000] {processor.py:830} INFO - Processing file /opt/airflow/dags/migrate_company_dag.py for tasks to queue
[2024-11-22T10:26:30.330+0000] {logging_mixin.py:188} INFO - [2024-11-22T10:26:30.330+0000] {dagbag.py:540} INFO - Filling up the DagBag from /opt/airflow/dags/migrate_company_dag.py
[2024-11-22T10:26:30.344+0000] {processor.py:840} INFO - DAG(s) 'migrate_company_data' retrieved from /opt/airflow/dags/migrate_company_dag.py
[2024-11-22T10:26:30.357+0000] {logging_mixin.py:188} INFO - [2024-11-22T10:26:30.357+0000] {dag.py:3047} INFO - Sync 1 DAGs
[2024-11-22T10:26:30.362+0000] {logging_mixin.py:188} INFO - [2024-11-22T10:26:30.362+0000] {dag.py:3834} INFO - Setting next_dagrun for migrate_company_data to None, run_after=None
[2024-11-22T10:26:30.369+0000] {processor.py:183} INFO - Processing /opt/airflow/dags/migrate_company_dag.py took 0.041 seconds
[2024-11-22T10:27:00.586+0000] {processor.py:161} INFO - Started process (PID=262) to work on /opt/airflow/dags/migrate_company_dag.py
[2024-11-22T10:27:00.587+0000] {processor.py:830} INFO - Processing file /opt/airflow/dags/migrate_company_dag.py for tasks to queue
[2024-11-22T10:27:00.589+0000] {logging_mixin.py:188} INFO - [2024-11-22T10:27:00.588+0000] {dagbag.py:540} INFO - Filling up the DagBag from /opt/airflow/dags/migrate_company_dag.py
[2024-11-22T10:27:00.618+0000] {processor.py:840} INFO - DAG(s) 'migrate_company_data' retrieved from /opt/airflow/dags/migrate_company_dag.py
[2024-11-22T10:27:00.641+0000] {logging_mixin.py:188} INFO - [2024-11-22T10:27:00.641+0000] {dag.py:3047} INFO - Sync 1 DAGs
[2024-11-22T10:27:00.649+0000] {logging_mixin.py:188} INFO - [2024-11-22T10:27:00.649+0000] {dag.py:3834} INFO - Setting next_dagrun for migrate_company_data to None, run_after=None
[2024-11-22T10:27:00.659+0000] {processor.py:183} INFO - Processing /opt/airflow/dags/migrate_company_dag.py took 0.087 seconds
[2024-11-22T10:27:30.823+0000] {processor.py:161} INFO - Started process (PID=273) to work on /opt/airflow/dags/migrate_company_dag.py
[2024-11-22T10:27:30.823+0000] {processor.py:830} INFO - Processing file /opt/airflow/dags/migrate_company_dag.py for tasks to queue
[2024-11-22T10:27:30.824+0000] {logging_mixin.py:188} INFO - [2024-11-22T10:27:30.824+0000] {dagbag.py:540} INFO - Filling up the DagBag from /opt/airflow/dags/migrate_company_dag.py
[2024-11-22T10:27:30.840+0000] {processor.py:840} INFO - DAG(s) 'migrate_company_data' retrieved from /opt/airflow/dags/migrate_company_dag.py
[2024-11-22T10:27:30.853+0000] {logging_mixin.py:188} INFO - [2024-11-22T10:27:30.853+0000] {dag.py:3047} INFO - Sync 1 DAGs
[2024-11-22T10:27:30.859+0000] {logging_mixin.py:188} INFO - [2024-11-22T10:27:30.859+0000] {dag.py:3834} INFO - Setting next_dagrun for migrate_company_data to None, run_after=None
[2024-11-22T10:27:30.866+0000] {processor.py:183} INFO - Processing /opt/airflow/dags/migrate_company_dag.py took 0.045 seconds
[2024-11-22T10:28:01.130+0000] {processor.py:161} INFO - Started process (PID=283) to work on /opt/airflow/dags/migrate_company_dag.py
[2024-11-22T10:28:01.131+0000] {processor.py:830} INFO - Processing file /opt/airflow/dags/migrate_company_dag.py for tasks to queue
[2024-11-22T10:28:01.133+0000] {logging_mixin.py:188} INFO - [2024-11-22T10:28:01.132+0000] {dagbag.py:540} INFO - Filling up the DagBag from /opt/airflow/dags/migrate_company_dag.py
[2024-11-22T10:28:01.165+0000] {processor.py:840} INFO - DAG(s) 'migrate_company_data' retrieved from /opt/airflow/dags/migrate_company_dag.py
[2024-11-22T10:28:01.190+0000] {logging_mixin.py:188} INFO - [2024-11-22T10:28:01.190+0000] {dag.py:3047} INFO - Sync 1 DAGs
[2024-11-22T10:28:01.199+0000] {logging_mixin.py:188} INFO - [2024-11-22T10:28:01.199+0000] {dag.py:3834} INFO - Setting next_dagrun for migrate_company_data to None, run_after=None
[2024-11-22T10:28:01.208+0000] {processor.py:183} INFO - Processing /opt/airflow/dags/migrate_company_dag.py took 0.083 seconds
[2024-11-22T11:21:30.171+0000] {processor.py:161} INFO - Started process (PID=288) to work on /opt/airflow/dags/migrate_company_dag.py
[2024-11-22T11:21:30.173+0000] {processor.py:830} INFO - Processing file /opt/airflow/dags/migrate_company_dag.py for tasks to queue
[2024-11-22T11:21:30.174+0000] {logging_mixin.py:188} INFO - [2024-11-22T11:21:30.173+0000] {dagbag.py:540} INFO - Filling up the DagBag from /opt/airflow/dags/migrate_company_dag.py
[2024-11-22T11:21:30.201+0000] {processor.py:840} INFO - DAG(s) 'migrate_company_data' retrieved from /opt/airflow/dags/migrate_company_dag.py
[2024-11-22T11:21:30.223+0000] {logging_mixin.py:188} INFO - [2024-11-22T11:21:30.223+0000] {dag.py:3047} INFO - Sync 1 DAGs
[2024-11-22T11:21:30.234+0000] {logging_mixin.py:188} INFO - [2024-11-22T11:21:30.234+0000] {dag.py:3834} INFO - Setting next_dagrun for migrate_company_data to None, run_after=None
[2024-11-22T11:21:30.246+0000] {processor.py:183} INFO - Processing /opt/airflow/dags/migrate_company_dag.py took 0.079 seconds
[2024-11-22T12:44:28.310+0000] {processor.py:161} INFO - Started process (PID=301) to work on /opt/airflow/dags/migrate_company_dag.py
[2024-11-22T12:44:28.312+0000] {processor.py:830} INFO - Processing file /opt/airflow/dags/migrate_company_dag.py for tasks to queue
[2024-11-22T12:44:28.313+0000] {logging_mixin.py:188} INFO - [2024-11-22T12:44:28.312+0000] {dagbag.py:540} INFO - Filling up the DagBag from /opt/airflow/dags/migrate_company_dag.py
[2024-11-22T12:44:28.339+0000] {processor.py:840} INFO - DAG(s) 'migrate_company_data' retrieved from /opt/airflow/dags/migrate_company_dag.py
[2024-11-22T12:44:28.357+0000] {logging_mixin.py:188} INFO - [2024-11-22T12:44:28.357+0000] {dag.py:3047} INFO - Sync 1 DAGs
[2024-11-22T12:44:28.364+0000] {logging_mixin.py:188} INFO - [2024-11-22T12:44:28.364+0000] {dag.py:3834} INFO - Setting next_dagrun for migrate_company_data to None, run_after=None
[2024-11-22T12:44:28.374+0000] {processor.py:183} INFO - Processing /opt/airflow/dags/migrate_company_dag.py took 0.067 seconds
[2024-11-22T13:21:35.597+0000] {processor.py:161} INFO - Started process (PID=314) to work on /opt/airflow/dags/migrate_company_dag.py
[2024-11-22T13:21:35.599+0000] {processor.py:830} INFO - Processing file /opt/airflow/dags/migrate_company_dag.py for tasks to queue
[2024-11-22T13:21:35.600+0000] {logging_mixin.py:188} INFO - [2024-11-22T13:21:35.600+0000] {dagbag.py:540} INFO - Filling up the DagBag from /opt/airflow/dags/migrate_company_dag.py
[2024-11-22T13:21:35.655+0000] {processor.py:840} INFO - DAG(s) 'migrate_company_data' retrieved from /opt/airflow/dags/migrate_company_dag.py
[2024-11-22T13:21:35.694+0000] {logging_mixin.py:188} INFO - [2024-11-22T13:21:35.694+0000] {dag.py:3047} INFO - Sync 1 DAGs
[2024-11-22T13:21:35.712+0000] {logging_mixin.py:188} INFO - [2024-11-22T13:21:35.711+0000] {dag.py:3834} INFO - Setting next_dagrun for migrate_company_data to None, run_after=None
[2024-11-22T13:21:35.726+0000] {processor.py:183} INFO - Processing /opt/airflow/dags/migrate_company_dag.py took 0.134 seconds
[2024-11-22T13:30:03.884+0000] {processor.py:161} INFO - Started process (PID=325) to work on /opt/airflow/dags/migrate_company_dag.py
[2024-11-22T13:30:03.885+0000] {processor.py:830} INFO - Processing file /opt/airflow/dags/migrate_company_dag.py for tasks to queue
[2024-11-22T13:30:03.886+0000] {logging_mixin.py:188} INFO - [2024-11-22T13:30:03.885+0000] {dagbag.py:540} INFO - Filling up the DagBag from /opt/airflow/dags/migrate_company_dag.py
[2024-11-22T13:30:03.903+0000] {processor.py:840} INFO - DAG(s) 'migrate_company_data' retrieved from /opt/airflow/dags/migrate_company_dag.py
[2024-11-22T13:30:03.921+0000] {logging_mixin.py:188} INFO - [2024-11-22T13:30:03.921+0000] {dag.py:3047} INFO - Sync 1 DAGs
[2024-11-22T13:30:03.928+0000] {logging_mixin.py:188} INFO - [2024-11-22T13:30:03.928+0000] {dag.py:3834} INFO - Setting next_dagrun for migrate_company_data to None, run_after=None
[2024-11-22T13:30:03.936+0000] {processor.py:183} INFO - Processing /opt/airflow/dags/migrate_company_dag.py took 0.054 seconds
[2024-11-22T15:05:00.695+0000] {processor.py:161} INFO - Started process (PID=336) to work on /opt/airflow/dags/migrate_company_dag.py
[2024-11-22T15:05:00.696+0000] {processor.py:830} INFO - Processing file /opt/airflow/dags/migrate_company_dag.py for tasks to queue
[2024-11-22T15:05:00.697+0000] {logging_mixin.py:188} INFO - [2024-11-22T15:05:00.697+0000] {dagbag.py:540} INFO - Filling up the DagBag from /opt/airflow/dags/migrate_company_dag.py
[2024-11-22T15:05:00.730+0000] {processor.py:840} INFO - DAG(s) 'migrate_company_data' retrieved from /opt/airflow/dags/migrate_company_dag.py
[2024-11-22T15:05:00.763+0000] {logging_mixin.py:188} INFO - [2024-11-22T15:05:00.763+0000] {dag.py:3047} INFO - Sync 1 DAGs
[2024-11-22T15:05:00.772+0000] {logging_mixin.py:188} INFO - [2024-11-22T15:05:00.772+0000] {dag.py:3834} INFO - Setting next_dagrun for migrate_company_data to None, run_after=None
[2024-11-22T15:05:00.784+0000] {processor.py:183} INFO - Processing /opt/airflow/dags/migrate_company_dag.py took 0.094 seconds
[2024-11-22T16:21:43.316+0000] {processor.py:161} INFO - Started process (PID=347) to work on /opt/airflow/dags/migrate_company_dag.py
[2024-11-22T16:21:43.317+0000] {processor.py:830} INFO - Processing file /opt/airflow/dags/migrate_company_dag.py for tasks to queue
[2024-11-22T16:21:43.317+0000] {logging_mixin.py:188} INFO - [2024-11-22T16:21:43.317+0000] {dagbag.py:540} INFO - Filling up the DagBag from /opt/airflow/dags/migrate_company_dag.py
[2024-11-22T16:21:43.334+0000] {processor.py:840} INFO - DAG(s) 'migrate_company_data' retrieved from /opt/airflow/dags/migrate_company_dag.py
[2024-11-22T16:21:43.351+0000] {logging_mixin.py:188} INFO - [2024-11-22T16:21:43.351+0000] {dag.py:3047} INFO - Sync 1 DAGs
[2024-11-22T16:21:43.359+0000] {logging_mixin.py:188} INFO - [2024-11-22T16:21:43.359+0000] {dag.py:3834} INFO - Setting next_dagrun for migrate_company_data to None, run_after=None
[2024-11-22T16:21:43.369+0000] {processor.py:183} INFO - Processing /opt/airflow/dags/migrate_company_dag.py took 0.057 seconds
[2024-11-22T17:33:54.431+0000] {processor.py:161} INFO - Started process (PID=358) to work on /opt/airflow/dags/migrate_company_dag.py
[2024-11-22T17:33:54.432+0000] {processor.py:830} INFO - Processing file /opt/airflow/dags/migrate_company_dag.py for tasks to queue
[2024-11-22T17:33:54.433+0000] {logging_mixin.py:188} INFO - [2024-11-22T17:33:54.432+0000] {dagbag.py:540} INFO - Filling up the DagBag from /opt/airflow/dags/migrate_company_dag.py
[2024-11-22T17:33:54.458+0000] {processor.py:840} INFO - DAG(s) 'migrate_company_data' retrieved from /opt/airflow/dags/migrate_company_dag.py
[2024-11-22T17:33:54.475+0000] {logging_mixin.py:188} INFO - [2024-11-22T17:33:54.474+0000] {dag.py:3047} INFO - Sync 1 DAGs
[2024-11-22T17:33:54.482+0000] {logging_mixin.py:188} INFO - [2024-11-22T17:33:54.482+0000] {dag.py:3834} INFO - Setting next_dagrun for migrate_company_data to None, run_after=None
[2024-11-22T17:33:54.492+0000] {processor.py:183} INFO - Processing /opt/airflow/dags/migrate_company_dag.py took 0.065 seconds
[2024-11-22T18:34:53.590+0000] {processor.py:161} INFO - Started process (PID=370) to work on /opt/airflow/dags/migrate_company_dag.py
[2024-11-22T18:34:53.590+0000] {processor.py:830} INFO - Processing file /opt/airflow/dags/migrate_company_dag.py for tasks to queue
[2024-11-22T18:34:53.591+0000] {logging_mixin.py:188} INFO - [2024-11-22T18:34:53.591+0000] {dagbag.py:540} INFO - Filling up the DagBag from /opt/airflow/dags/migrate_company_dag.py
[2024-11-22T18:34:53.607+0000] {processor.py:840} INFO - DAG(s) 'migrate_company_data' retrieved from /opt/airflow/dags/migrate_company_dag.py
[2024-11-22T18:34:53.623+0000] {logging_mixin.py:188} INFO - [2024-11-22T18:34:53.623+0000] {dag.py:3047} INFO - Sync 1 DAGs
[2024-11-22T18:34:53.630+0000] {logging_mixin.py:188} INFO - [2024-11-22T18:34:53.630+0000] {dag.py:3834} INFO - Setting next_dagrun for migrate_company_data to None, run_after=None
[2024-11-22T18:34:53.639+0000] {processor.py:183} INFO - Processing /opt/airflow/dags/migrate_company_dag.py took 0.051 seconds
[2024-11-22T19:51:35.620+0000] {processor.py:161} INFO - Started process (PID=382) to work on /opt/airflow/dags/migrate_company_dag.py
[2024-11-22T19:51:35.621+0000] {processor.py:830} INFO - Processing file /opt/airflow/dags/migrate_company_dag.py for tasks to queue
[2024-11-22T19:51:35.622+0000] {logging_mixin.py:188} INFO - [2024-11-22T19:51:35.621+0000] {dagbag.py:540} INFO - Filling up the DagBag from /opt/airflow/dags/migrate_company_dag.py
[2024-11-22T19:51:35.640+0000] {processor.py:840} INFO - DAG(s) 'migrate_company_data' retrieved from /opt/airflow/dags/migrate_company_dag.py
[2024-11-22T19:51:35.656+0000] {logging_mixin.py:188} INFO - [2024-11-22T19:51:35.656+0000] {dag.py:3047} INFO - Sync 1 DAGs
[2024-11-22T19:51:35.663+0000] {logging_mixin.py:188} INFO - [2024-11-22T19:51:35.662+0000] {dag.py:3834} INFO - Setting next_dagrun for migrate_company_data to None, run_after=None
[2024-11-22T19:51:35.671+0000] {processor.py:183} INFO - Processing /opt/airflow/dags/migrate_company_dag.py took 0.053 seconds
[2024-11-22T21:11:35.667+0000] {processor.py:161} INFO - Started process (PID=393) to work on /opt/airflow/dags/migrate_company_dag.py
[2024-11-22T21:11:35.667+0000] {processor.py:830} INFO - Processing file /opt/airflow/dags/migrate_company_dag.py for tasks to queue
[2024-11-22T21:11:35.668+0000] {logging_mixin.py:188} INFO - [2024-11-22T21:11:35.668+0000] {dagbag.py:540} INFO - Filling up the DagBag from /opt/airflow/dags/migrate_company_dag.py
[2024-11-22T21:11:35.693+0000] {processor.py:840} INFO - DAG(s) 'migrate_company_data' retrieved from /opt/airflow/dags/migrate_company_dag.py
[2024-11-22T21:11:35.713+0000] {logging_mixin.py:188} INFO - [2024-11-22T21:11:35.713+0000] {dag.py:3047} INFO - Sync 1 DAGs
[2024-11-22T21:11:35.723+0000] {logging_mixin.py:188} INFO - [2024-11-22T21:11:35.723+0000] {dag.py:3834} INFO - Setting next_dagrun for migrate_company_data to None, run_after=None
[2024-11-22T21:11:35.736+0000] {processor.py:183} INFO - Processing /opt/airflow/dags/migrate_company_dag.py took 0.073 seconds
[2024-11-22T22:28:02.818+0000] {processor.py:161} INFO - Started process (PID=404) to work on /opt/airflow/dags/migrate_company_dag.py
[2024-11-22T22:28:02.819+0000] {processor.py:830} INFO - Processing file /opt/airflow/dags/migrate_company_dag.py for tasks to queue
[2024-11-22T22:28:02.820+0000] {logging_mixin.py:188} INFO - [2024-11-22T22:28:02.819+0000] {dagbag.py:540} INFO - Filling up the DagBag from /opt/airflow/dags/migrate_company_dag.py
[2024-11-22T22:28:02.834+0000] {processor.py:840} INFO - DAG(s) 'migrate_company_data' retrieved from /opt/airflow/dags/migrate_company_dag.py
[2024-11-22T22:28:02.849+0000] {logging_mixin.py:188} INFO - [2024-11-22T22:28:02.849+0000] {dag.py:3047} INFO - Sync 1 DAGs
[2024-11-22T22:28:02.855+0000] {logging_mixin.py:188} INFO - [2024-11-22T22:28:02.855+0000] {dag.py:3834} INFO - Setting next_dagrun for migrate_company_data to None, run_after=None
[2024-11-22T22:28:02.864+0000] {processor.py:183} INFO - Processing /opt/airflow/dags/migrate_company_dag.py took 0.047 seconds
[2024-11-22T23:40:01.890+0000] {processor.py:161} INFO - Started process (PID=416) to work on /opt/airflow/dags/migrate_company_dag.py
[2024-11-22T23:40:01.891+0000] {processor.py:830} INFO - Processing file /opt/airflow/dags/migrate_company_dag.py for tasks to queue
[2024-11-22T23:40:01.891+0000] {logging_mixin.py:188} INFO - [2024-11-22T23:40:01.891+0000] {dagbag.py:540} INFO - Filling up the DagBag from /opt/airflow/dags/migrate_company_dag.py
[2024-11-22T23:40:01.908+0000] {processor.py:840} INFO - DAG(s) 'migrate_company_data' retrieved from /opt/airflow/dags/migrate_company_dag.py
[2024-11-22T23:40:01.925+0000] {logging_mixin.py:188} INFO - [2024-11-22T23:40:01.925+0000] {dag.py:3047} INFO - Sync 1 DAGs
[2024-11-22T23:40:01.932+0000] {logging_mixin.py:188} INFO - [2024-11-22T23:40:01.932+0000] {dag.py:3834} INFO - Setting next_dagrun for migrate_company_data to None, run_after=None
[2024-11-22T23:40:01.945+0000] {processor.py:183} INFO - Processing /opt/airflow/dags/migrate_company_dag.py took 0.057 seconds
