[2024-11-25T07:02:14.427+0000] {manager.py:469} INFO - Processing files using up to 2 processes at a time 
[2024-11-25T07:02:14.427+0000] {manager.py:470} INFO - Process each file at most once every 30 seconds
[2024-11-25T07:02:14.427+0000] {manager.py:471} INFO - Checking for new files in /opt/airflow/dags every 300 seconds
[2024-11-25T07:02:14.428+0000] {manager.py:738} INFO - Searching for files in /opt/airflow/dags
[2024-11-25T07:02:14.434+0000] {manager.py:741} INFO - There are 1 files in /opt/airflow/dags
[2024-11-25T07:02:14.487+0000] {manager.py:879} INFO - 
================================================================================
DAG File Processing Stats

File Path                                   PID  Runtime      # DAGs    # Errors  Last Runtime    Last Run
----------------------------------------  -----  ---------  --------  ----------  --------------  ----------
/opt/airflow/dags/migrate_company_dag.py    171  0.02s             0           0
================================================================================
[2024-11-25T07:02:44.685+0000] {manager.py:879} INFO - 
================================================================================
DAG File Processing Stats

File Path                                   PID  Runtime      # DAGs    # Errors  Last Runtime    Last Run
----------------------------------------  -----  ---------  --------  ----------  --------------  -------------------
/opt/airflow/dags/migrate_company_dag.py    188  0.00s             1           0  0.19s           2024-11-25T07:02:14
================================================================================
[2024-11-25T07:03:14.914+0000] {manager.py:879} INFO - 
================================================================================
DAG File Processing Stats

File Path                                   PID  Runtime      # DAGs    # Errors  Last Runtime    Last Run
----------------------------------------  -----  ---------  --------  ----------  --------------  -------------------
/opt/airflow/dags/migrate_company_dag.py    207  0.01s             1           0  0.10s           2024-11-25T07:02:44
================================================================================
